This is pdfTeX, Version 3.141592653-2.6-1.40.22 (MiKTeX 21.3) (preloaded format=pdflatex 2021.5.23)  27 MAR 2022 12:24
entering extended mode
**./Truck_Box_Cox.tex
(Truck_Box_Cox.tex
LaTeX2e <2020-10-01> patch level 4
L3 programming layer <2021-05-11>
(C:\Users\le279259\AppData\Local\Programs\MiKTeX\tex/latex/base\book.cls
Document Class: book 2020/04/10 v1.4m Standard LaTeX document class
(C:\Users\le279259\AppData\Local\Programs\MiKTeX\tex/latex/base\bk11.clo
File: bk11.clo 2020/04/10 v1.4m Standard LaTeX file (size option)
)
\c@part=\count179
\c@chapter=\count180
\c@section=\count181
\c@subsection=\count182
\c@subsubsection=\count183
\c@paragraph=\count184
\c@subparagraph=\count185
\c@figure=\count186
\c@table=\count187
\abovecaptionskip=\skip47
\belowcaptionskip=\skip48
\bibindent=\dimen138
)
(C:\Users\le279259\AppData\Local\Programs\MiKTeX\tex/latex/psnfss\palatino.sty
Package: palatino 2020/03/25 PSNFSS-v9.3 (SPQR) 
)
(C:\Users\le279259\AppData\Local\Programs\MiKTeX\tex/latex/amsfonts\amsfonts.st
y
Package: amsfonts 2013/01/14 v3.01 Basic AMSFonts support
\@emptytoks=\toks15
\symAMSa=\mathgroup4
\symAMSb=\mathgroup5
LaTeX Font Info:    Redeclaring math symbol \hbar on input line 98.
LaTeX Font Info:    Overwriting math alphabet `\mathfrak' in version `bold'
(Font)                  U/euf/m/n --> U/euf/b/n on input line 106.
)
(C:\Users\le279259\AppData\Local\Programs\MiKTeX\tex/latex/amsmath\amsmath.sty
Package: amsmath 2020/09/23 v2.17i AMS math features
\@mathmargin=\skip49

For additional information on amsmath, use the `?' option.
(C:\Users\le279259\AppData\Local\Programs\MiKTeX\tex/latex/amsmath\amstext.sty
Package: amstext 2000/06/29 v2.01 AMS text

(C:\Users\le279259\AppData\Local\Programs\MiKTeX\tex/latex/amsmath\amsgen.sty
File: amsgen.sty 1999/11/30 v2.0 generic functions
\@emptytoks=\toks16
\ex@=\dimen139
)) (C:\Users\le279259\AppData\Local\Programs\MiKTeX\tex/latex/amsmath\amsbsy.st
y
Package: amsbsy 1999/11/29 v1.2d Bold Symbols
\pmbraise@=\dimen140
) (C:\Users\le279259\AppData\Local\Programs\MiKTeX\tex/latex/amsmath\amsopn.sty
Package: amsopn 2016/03/08 v2.02 operator names
)
\inf@bad=\count188
LaTeX Info: Redefining \frac on input line 234.
\uproot@=\count189
\leftroot@=\count190
LaTeX Info: Redefining \overline on input line 399.
\classnum@=\count191
\DOTSCASE@=\count192
LaTeX Info: Redefining \ldots on input line 496.
LaTeX Info: Redefining \dots on input line 499.
LaTeX Info: Redefining \cdots on input line 620.
\Mathstrutbox@=\box47
\strutbox@=\box48
\big@size=\dimen141
LaTeX Font Info:    Redeclaring font encoding OML on input line 743.
LaTeX Font Info:    Redeclaring font encoding OMS on input line 744.
\macc@depth=\count193
\c@MaxMatrixCols=\count194
\dotsspace@=\muskip16
\c@parentequation=\count195
\dspbrk@lvl=\count196
\tag@help=\toks17
\row@=\count197
\column@=\count198
\maxfields@=\count199
\andhelp@=\toks18
\eqnshift@=\dimen142
\alignsep@=\dimen143
\tagshift@=\dimen144
\tagwidth@=\dimen145
\totwidth@=\dimen146
\lineht@=\dimen147
\@envbody=\toks19
\multlinegap=\skip50
\multlinetaggap=\skip51
\mathdisplay@stack=\toks20
LaTeX Info: Redefining \[ on input line 2923.
LaTeX Info: Redefining \] on input line 2924.
)
(C:\Users\le279259\AppData\Local\Programs\MiKTeX\tex/latex/amsfonts\amssymb.sty
Package: amssymb 2013/01/14 v3.01 AMS font symbols
)
(C:\Users\le279259\AppData\Local\Programs\MiKTeX\tex/latex/listings\listings.st
y
(C:\Users\le279259\AppData\Local\Programs\MiKTeX\tex/latex/graphics\keyval.sty
Package: keyval 2014/10/28 v1.15 key=value parser (DPC)
\KV@toks@=\toks21
)
\lst@mode=\count266
\lst@gtempboxa=\box49
\lst@token=\toks22
\lst@length=\count267
\lst@currlwidth=\dimen148
\lst@column=\count268
\lst@pos=\count269
\lst@lostspace=\dimen149
\lst@width=\dimen150
\lst@newlines=\count270
\lst@lineno=\count271
\lst@maxwidth=\dimen151

(C:\Users\le279259\AppData\Local\Programs\MiKTeX\tex/latex/listings\lstmisc.sty
File: lstmisc.sty 2020/03/24 1.8d (Carsten Heinz)
\c@lstnumber=\count272
\lst@skipnumbers=\count273
\lst@framebox=\box50
)
(C:\Users\le279259\AppData\Local\Programs\MiKTeX\tex/latex/listings\listings.cf
g
File: listings.cfg 2020/03/24 1.8d listings configuration
))
Package: listings 2020/03/24 1.8d (Carsten Heinz)

(C:\Users\le279259\AppData\Local\Programs\MiKTeX\tex/latex/base\textcomp.sty
Package: textcomp 2020/02/02 v2.0n Standard LaTeX package
)
(C:\Users\le279259\AppData\Local\Programs\MiKTeX\tex/latex/graphics\color.sty
Package: color 2020/02/24 v1.2b Standard LaTeX Color (DPC)

(C:\Users\le279259\AppData\Local\Programs\MiKTeX\tex/latex/graphics-cfg\color.c
fg
File: color.cfg 2016/01/02 v1.6 sample color configuration
)
Package color Info: Driver file: pdftex.def on input line 147.

(C:\Users\le279259\AppData\Local\Programs\MiKTeX\tex/latex/graphics-def\pdftex.
def
File: pdftex.def 2020/10/05 v1.2a Graphics/color driver for pdftex
))
(C:\Users\le279259\AppData\Local\Programs\MiKTeX\tex/latex/listings\lstlang1.st
y
File: lstlang1.sty 2020/03/24 1.8d listings language file
)
(C:\Users\le279259\AppData\Local\Programs\MiKTeX\tex/latex/listings\lstlang2.st
y
File: lstlang2.sty 2020/03/24 1.8d listings language file
)
(C:\Users\le279259\AppData\Local\Programs\MiKTeX\tex/latex/listings\lstlang3.st
y
File: lstlang3.sty 2020/03/24 1.8d listings language file
)
(C:\Users\le279259\AppData\Local\Programs\MiKTeX\tex/latex/graphics\graphicx.st
y
Package: graphicx 2020/09/09 v1.2b Enhanced LaTeX Graphics (DPC,SPQR)

(C:\Users\le279259\AppData\Local\Programs\MiKTeX\tex/latex/graphics\graphics.st
y
Package: graphics 2020/08/30 v1.4c Standard LaTeX Graphics (DPC,SPQR)
 (C:\Users\le279259\AppData\Local\Programs\MiKTeX\tex/latex/graphics\trig.sty
Package: trig 2016/01/03 v1.10 sin cos tan (DPC)
)
(C:\Users\le279259\AppData\Local\Programs\MiKTeX\tex/latex/graphics-cfg\graphic
s.cfg
File: graphics.cfg 2016/06/04 v1.11 sample graphics configuration
)
Package graphics Info: Driver file: pdftex.def on input line 105.
)
\Gin@req@height=\dimen152
\Gin@req@width=\dimen153
)
(C:\Users\le279259\AppData\Local\Programs\MiKTeX\tex/latex/epstopdf-pkg\epstopd
f.sty
Package: epstopdf 2020-01-24 v2.11 Conversion with epstopdf on the fly (HO)

(C:\Users\le279259\AppData\Local\Programs\MiKTeX\tex/generic/infwarerr\infwarer
r.sty
Package: infwarerr 2019/12/03 v1.5 Providing info/warning/error messages (HO)
)
(C:\Users\le279259\AppData\Local\Programs\MiKTeX\tex/latex/grfext\grfext.sty
Package: grfext 2019/12/03 v1.3 Manage graphics extensions (HO)

(C:\Users\le279259\AppData\Local\Programs\MiKTeX\tex/generic/kvdefinekeys\kvdef
inekeys.sty
Package: kvdefinekeys 2019-12-19 v1.6 Define keys (HO)
))
(C:\Users\le279259\AppData\Local\Programs\MiKTeX\tex/latex/kvoptions\kvoptions.
sty
Package: kvoptions 2020-10-07 v3.14 Key value format for package options (HO)

(C:\Users\le279259\AppData\Local\Programs\MiKTeX\tex/generic/ltxcmds\ltxcmds.st
y
Package: ltxcmds 2020-05-10 v1.25 LaTeX kernel commands for general use (HO)
)
(C:\Users\le279259\AppData\Local\Programs\MiKTeX\tex/generic/kvsetkeys\kvsetkey
s.sty
Package: kvsetkeys 2019/12/15 v1.18 Key value parser (HO)
))
(C:\Users\le279259\AppData\Local\Programs\MiKTeX\tex/generic/pdftexcmds\pdftexc
mds.sty
Package: pdftexcmds 2020-06-27 v0.33 Utility functions of pdfTeX for LuaTeX (HO
)

(C:\Users\le279259\AppData\Local\Programs\MiKTeX\tex/generic/iftex\iftex.sty
Package: iftex 2020/03/06 v1.0d TeX engine tests
)
Package pdftexcmds Info: \pdf@primitive is available.
Package pdftexcmds Info: \pdf@ifprimitive is available.
Package pdftexcmds Info: \pdfdraftmode found.
)
(C:\Users\le279259\AppData\Local\Programs\MiKTeX\tex/latex/epstopdf-pkg\epstopd
f-base.sty
Package: epstopdf-base 2020-01-24 v2.11 Base part for package epstopdf
Package epstopdf-base Info: Redefining graphics rule for `.eps' on input line 4
85.
Package grfext Info: Graphics extension search list:
(grfext)             [.pdf,.png,.jpg,.mps,.jpeg,.jbig2,.jb2,.PDF,.PNG,.JPG,.JPE
G,.JBIG2,.JB2,.eps]
(grfext)             \AppendGraphicsExtensions on input line 504.

(C:\Users\le279259\AppData\Local\Programs\MiKTeX\tex/latex/00miktex\epstopdf-sy
s.cfg
File: epstopdf-sys.cfg 2021/03/18 v2.0 Configuration of epstopdf for MiKTeX
)))
(C:\Users\le279259\AppData\Local\Programs\MiKTeX\tex/latex/subfig\subfig.sty
Package: subfig 2005/06/28 ver: 1.3 subfig package

(C:\Users\le279259\AppData\Local\Programs\MiKTeX\tex/latex/caption\caption.sty
Package: caption 2020/10/26 v3.5g Customizing captions (AR)

(C:\Users\le279259\AppData\Local\Programs\MiKTeX\tex/latex/caption\caption3.sty
Package: caption3 2020/10/21 v2.2e caption3 kernel (AR)
\captionmargin=\dimen154
\captionmargin@=\dimen155
\captionwidth=\dimen156
\caption@tempdima=\dimen157
\caption@indent=\dimen158
\caption@parindent=\dimen159
\caption@hangindent=\dimen160
Package caption Info: Standard document class detected.
)
\c@caption@flags=\count274
\c@continuedfloat=\count275
Package caption Info: listings package is loaded.
)
\c@KVtest=\count276
\sf@farskip=\skip52
\sf@captopadj=\dimen161
\sf@capskip=\skip53
\sf@nearskip=\skip54
\c@subfigure=\count277
\c@subfigure@save=\count278
\c@lofdepth=\count279
\c@subtable=\count280
\c@subtable@save=\count281
\c@lotdepth=\count282
\sf@top=\skip55
\sf@bottom=\skip56
)
LaTeX Font Info:    Trying to load font information for OT1+ppl on input line 4
3.
 (C:\Users\le279259\AppData\Local\Programs\MiKTeX\tex/latex/psnfss\ot1ppl.fd
File: ot1ppl.fd 2001/06/04 font definitions for OT1/ppl.
)
(C:\Users\le279259\AppData\Local\Programs\MiKTeX\tex/latex/l3backend\l3backend-
pdftex.def
File: l3backend-pdftex.def 2021-05-07 L3 backend support: PDF output (pdfTeX)
\l__color_backend_stack_int=\count283
\l__pdf_internal_box=\box51
) (Truck_Box_Cox.aux

LaTeX Warning: Label `fig:qq_ror' multiply defined.

)
\openout1 = `Truck_Box_Cox.aux'.

LaTeX Font Info:    Checking defaults for OML/cmm/m/it on input line 43.
LaTeX Font Info:    ... okay on input line 43.
LaTeX Font Info:    Checking defaults for OMS/cmsy/m/n on input line 43.
LaTeX Font Info:    ... okay on input line 43.
LaTeX Font Info:    Checking defaults for OT1/cmr/m/n on input line 43.
LaTeX Font Info:    ... okay on input line 43.
LaTeX Font Info:    Checking defaults for T1/cmr/m/n on input line 43.
LaTeX Font Info:    ... okay on input line 43.
LaTeX Font Info:    Checking defaults for TS1/cmr/m/n on input line 43.
LaTeX Font Info:    ... okay on input line 43.
LaTeX Font Info:    Checking defaults for OMX/cmex/m/n on input line 43.
LaTeX Font Info:    ... okay on input line 43.
LaTeX Font Info:    Checking defaults for U/cmr/m/n on input line 43.
LaTeX Font Info:    ... okay on input line 43.
\c@lstlisting=\count284

(C:\Users\le279259\AppData\Local\Programs\MiKTeX\tex/context/base/mkii\supp-pdf
.mkii
[Loading MPS to PDF converter (version 2006.09.02).]
\scratchcounter=\count285
\scratchdimen=\dimen162
\scratchbox=\box52
\nofMPsegments=\count286
\nofMParguments=\count287
\everyMPshowfont=\toks23
\MPscratchCnt=\count288
\MPscratchDim=\dimen163
\MPnumerator=\count289
\makeMPintoPDFobject=\count290
\everyMPtoPDFconversion=\toks24
)
Package caption Info: Begin \AtBeginDocument code.
Package caption Info: subfig package v1.3 is loaded.
Package caption Info: End \AtBeginDocument code.

Underfull \vbox (badness 10000) has occurred while \output is active []

 [1

{C:/Users/le279259/AppData/Local/MiKTeX/pdftex/config/pdftex.map}]
<../Figures/density_ror.pdf, id=6, 505.89pt x 505.89pt>
File: ../Figures/density_ror.pdf Graphic file (type pdf)
<use ../Figures/density_ror.pdf>
Package pdftex.def Info: ../Figures/density_ror.pdf  used on input line 75.
(pdftex.def)             Requested size: 252.94437pt x 252.94437pt.

Underfull \vbox (badness 10000) has occurred while \output is active []

 [2 <../Figures/density_ror.pdf>]
<../Figures/density_log_ror.pdf, id=17, 505.89pt x 505.89pt>
File: ../Figures/density_log_ror.pdf Graphic file (type pdf)
<use ../Figures/density_log_ror.pdf>
Package pdftex.def Info: ../Figures/density_log_ror.pdf  used on input line 87.

(pdftex.def)             Requested size: 252.94437pt x 252.94437pt.

Underfull \vbox (badness 10000) has occurred while \output is active []

 [3 <../Figures/density_log_ror.pdf>]
<../Figures/qq_ror.pdf, id=27, 505.89pt x 505.89pt>
File: ../Figures/qq_ror.pdf Graphic file (type pdf)
<use ../Figures/qq_ror.pdf>
Package pdftex.def Info: ../Figures/qq_ror.pdf  used on input line 111.
(pdftex.def)             Requested size: 180.0pt x 179.99745pt.
<../Figures/qq_log_ror.pdf, id=28, 505.89pt x 505.89pt>
File: ../Figures/qq_log_ror.pdf Graphic file (type pdf)
<use ../Figures/qq_log_ror.pdf>
Package pdftex.def Info: ../Figures/qq_log_ror.pdf  used on input line 114.
(pdftex.def)             Requested size: 180.0pt x 179.99745pt.

Underfull \vbox (badness 10000) has occurred while \output is active []

 [4 <../Figures/qq_ror.pdf> <../Figures/qq_log_ror.pdf>]
LaTeX Font Info:    Trying to load font information for U+msa on input line 130
.

(C:\Users\le279259\AppData\Local\Programs\MiKTeX\tex/latex/amsfonts\umsa.fd
File: umsa.fd 2013/01/14 v3.01 AMS symbols A
)
LaTeX Font Info:    Trying to load font information for U+msb on input line 130
.

(C:\Users\le279259\AppData\Local\Programs\MiKTeX\tex/latex/amsfonts\umsb.fd
File: umsb.fd 2013/01/14 v3.01 AMS symbols B
)
LaTeX Font Info:    Trying to load font information for OT1+pcr on input line 1
43.

(C:\Users\le279259\AppData\Local\Programs\MiKTeX\tex/latex/psnfss\ot1pcr.fd
File: ot1pcr.fd 2001/06/04 font definitions for OT1/pcr.
)
Underfull \vbox (badness 10000) has occurred while \output is active []

 [5]
Underfull \vbox (badness 10000) has occurred while \output is active []

 [6]
Overfull \hbox (6.47554pt too wide) in paragraph at lines 189--195
[]\OT1/ppl/m/n/10.95 As a first ap-prox-i-ma-tion, One can cal-cu-late the valu
e of the log-likelihood
 []

<../Figures/box_cox_loglike_uni.pdf, id=59, 505.89pt x 505.89pt>
File: ../Figures/box_cox_loglike_uni.pdf Graphic file (type pdf)
<use ../Figures/box_cox_loglike_uni.pdf>
Package pdftex.def Info: ../Figures/box_cox_loglike_uni.pdf  used on input line
 208.
(pdftex.def)             Requested size: 252.94437pt x 252.94437pt.

Underfull \vbox (badness 10000) has occurred while \output is active []

 [7 <../Figures/box_cox_loglike_uni.pdf>] [8]
LaTeX Font Info:    Trying to load font information for OT1+phv on input line 2
54.

(C:\Users\le279259\AppData\Local\Programs\MiKTeX\tex/latex/psnfss\ot1phv.fd
File: ot1phv.fd 2020/03/25 scalable font definitions for OT1/phv.
)
<../Figures/plot_like_MASS.pdf, id=73, 505.89pt x 505.89pt>
File: ../Figures/plot_like_MASS.pdf Graphic file (type pdf)
<use ../Figures/plot_like_MASS.pdf>
Package pdftex.def Info: ../Figures/plot_like_MASS.pdf  used on input line 281.

(pdftex.def)             Requested size: 252.94437pt x 252.94437pt.


LaTeX Warning: `!h' float specifier changed to `!ht'.

[9

] [10 <../Figures/plot_like_MASS.pdf>]
<../Figures/plot_like_car.pdf, id=89, 505.89pt x 505.89pt>
File: ../Figures/plot_like_car.pdf Graphic file (type pdf)
<use ../Figures/plot_like_car.pdf>
Package pdftex.def Info: ../Figures/plot_like_car.pdf  used on input line 303.
(pdftex.def)             Requested size: 252.94437pt x 252.94437pt.
 [11

 <../Figures/plot_like_car.pdf>]
LaTeX Font Info:    Trying to load font information for TS1+pcr on input line 3
29.

(C:\Users\le279259\AppData\Local\Programs\MiKTeX\tex/latex/psnfss\ts1pcr.fd
File: ts1pcr.fd 2001/06/04 font definitions for TS1/pcr.
)
<../Figures/plot_like_EnvStats.pdf, id=100, 505.89pt x 505.89pt>
File: ../Figures/plot_like_EnvStats.pdf Graphic file (type pdf)
<use ../Figures/plot_like_EnvStats.pdf>
Package pdftex.def Info: ../Figures/plot_like_EnvStats.pdf  used on input line 
339.
(pdftex.def)             Requested size: 252.94437pt x 252.94437pt.


LaTeX Warning: `!h' float specifier changed to `!ht'.

[12

] [13 <../Figures/plot_like_EnvStats.pdf>]

LaTeX Warning: Reference `fig:qq_prices' on page 14 undefined on input line 363
.

File: ../Figures/qq_ror.pdf Graphic file (type pdf)
<use ../Figures/qq_ror.pdf>
Package pdftex.def Info: ../Figures/qq_ror.pdf  used on input line 377.
(pdftex.def)             Requested size: 180.0pt x 179.99745pt.
<../Figures/qq_boxcox.pdf, id=114, 505.89pt x 505.89pt>
File: ../Figures/qq_boxcox.pdf Graphic file (type pdf)
<use ../Figures/qq_boxcox.pdf>
Package pdftex.def Info: ../Figures/qq_boxcox.pdf  used on input line 380.
(pdftex.def)             Requested size: 180.0pt x 179.99745pt.
[14

 <../Figures/qq_boxcox.pdf>] (Truck_Box_Cox.aux)

LaTeX Warning: There were undefined references.


LaTeX Warning: There were multiply-defined labels.

 ) 
Here is how much of TeX's memory you used:
 6995 strings out of 479163
 105657 string characters out of 2852567
 576085 words of memory out of 3000000
 24506 multiletter control sequences out of 15000+600000
 421130 words of font info for 73 fonts, out of 8000000 for 9000
 1141 hyphenation exceptions out of 8191
 69i,10n,79p,234b,1837s stack positions out of 5000i,500n,10000p,200000b,80000s
{C:/Users/le279259/AppData/Local/Programs/MiKTeX/fonts/enc/dvips/base/8r.enc}
<C:/Users/le279259/AppData/Local/Programs/MiKTeX/fonts/type1/public/amsfonts/cm
/cmex10.pfb><C:/Users/le279259/AppData/Local/Programs/MiKTeX/fonts/type1/public
/amsfonts/cm/cmmi10.pfb><C:/Users/le279259/AppData/Local/Programs/MiKTeX/fonts/
type1/public/amsfonts/cm/cmmi6.pfb><C:/Users/le279259/AppData/Local/Programs/Mi
KTeX/fonts/type1/public/amsfonts/cm/cmmi8.pfb><C:/Users/le279259/AppData/Local/
Programs/MiKTeX/fonts/type1/public/amsfonts/cm/cmr10.pfb><C:/Users/le279259/App
Data/Local/Programs/MiKTeX/fonts/type1/public/amsfonts/cm/cmr8.pfb><C:/Users/le
279259/AppData/Local/Programs/MiKTeX/fonts/type1/public/amsfonts/cm/cmsy10.pfb>
<C:/Users/le279259/AppData/Local/Programs/MiKTeX/fonts/type1/public/amsfonts/cm
/cmsy8.pfb><C:/Users/le279259/AppData/Local/Programs/MiKTeX/fonts/type1/urw/cou
rier/ucrb8a.pfb><C:/Users/le279259/AppData/Local/Programs/MiKTeX/fonts/type1/ur
w/courier/ucrr8a.pfb><C:/Users/le279259/AppData/Local/Programs/MiKTeX/fonts/typ
e1/urw/helvetic/uhvb8a.pfb><C:/Users/le279259/AppData/Local/Programs/MiKTeX/fon
ts/type1/urw/helvetic/uhvr8a.pfb><C:/Users/le279259/AppData/Local/Programs/MiKT
eX/fonts/type1/urw/palatino/uplb8a.pfb><C:/Users/le279259/AppData/Local/Program
s/MiKTeX/fonts/type1/urw/palatino/uplr8a.pfb>
Output written on Truck_Box_Cox.pdf (14 pages, 1982644 bytes).
PDF statistics:
 169 PDF objects out of 1000 (max. 8388607)
 0 named destinations out of 1000 (max. 500000)
 46 words of extra memory for PDF output out of 10000 (max. 10000000)

