[1] "Summary of UsedTrucks.dat dataset:"
      type             pauc            pret          mileage      
 Min.   :0.0000   Min.   :    0   Min.   :    0   Min.   : 13222  
 1st Qu.:0.0000   1st Qu.:    0   1st Qu.:    0   1st Qu.: 73254  
 Median :1.0000   Median :  116   Median :    0   Median :111171  
 Mean   :0.5041   Mean   : 1848   Mean   : 1915   Mean   :110739  
 3rd Qu.:1.0000   3rd Qu.: 1809   3rd Qu.: 1906   3rd Qu.:147815  
 Max.   :1.0000   Max.   :49686   Max.   :52400   Max.   :208655  
      make            year          damage           dealer     
 Min.   :1.000   Min.   :2005   Min.   : 1.000   Min.   :1.000  
 1st Qu.:2.000   1st Qu.:2008   1st Qu.: 4.000   1st Qu.:3.000  
 Median :4.000   Median :2012   Median : 6.000   Median :5.000  
 Mean   :4.011   Mean   :2012   Mean   : 5.697   Mean   :5.009  
 3rd Qu.:6.000   3rd Qu.:2016   3rd Qu.: 7.000   3rd Qu.:7.000  
 Max.   :7.000   Max.   :2019   Max.   :10.000   Max.   :9.000  
      ror              cost      
 Min.   :0.9000   Min.   :   35  
 1st Qu.:0.9498   1st Qu.:  833  
 Median :1.0002   Median : 1871  
 Mean   :1.0001   Mean   : 3755  
 3rd Qu.:1.0496   3rd Qu.: 4214  
 Max.   :1.1000   Max.   :46471  
'data.frame':	9861 obs. of  13 variables:
 $ type          : int  0 0 1 1 0 0 0 1 0 0 ...
 $ pauc          : int  0 0 1429 322 0 0 0 923 0 0 ...
 $ pret          : int  348 4563 0 0 6106 15848 388 0 11824 1509 ...
 $ mileage       : int  61615 51125 184104 95179 37530 38980 86989 58138 45250 67318 ...
 $ make          : int  7 6 1 1 1 3 3 1 4 6 ...
 $ year          : int  2016 2018 2006 2013 2019 2019 2014 2019 2018 2016 ...
 $ damage        : int  6 3 6 8 4 2 7 2 4 2 ...
 $ dealer        : int  2 9 2 7 2 7 1 9 5 6 ...
 $ ror           : num  1.033 1.013 0.935 1.031 0.903 ...
 $ cost          : int  361 4637 1283 330 5959 15451 439 834 11044 1476 ...
 $ log_cost      : num  5.89 8.44 7.16 5.8 8.69 ...
 $ age           : num  4 2 14 7 1 1 6 1 2 4 ...
 $ squared_damage: num  36 9 36 64 16 4 49 4 16 4 ...

Call:
lm(formula = log_cost ~ squared_damage + make + damage + dealer + 
    mileage + age + type, data = Truck)

Residuals:
    Min      1Q  Median      3Q     Max 
-4.2715 -0.7341  0.0080  0.7254  4.0700 

Coefficients:
                 Estimate Std. Error t value Pr(>|t|)    
(Intercept)     8.765e+00  8.135e-02 107.740  < 2e-16 ***
squared_damage  4.595e-03  2.135e-03   2.152   0.0314 *  
make           -6.194e-03  5.368e-03  -1.154   0.2486    
damage         -4.677e-02  2.543e-02  -1.839   0.0659 .  
dealer          1.964e-03  4.168e-03   0.471   0.6376    
mileage        -5.053e-06  1.062e-06  -4.756 2.01e-06 ***
age            -7.163e-02  1.114e-02  -6.430 1.34e-10 ***
type            4.438e-02  2.182e-02   2.034   0.0420 *  
---
Signif. codes:  0 '***' 0.001 '**' 0.01 '*' 0.05 '.' 0.1 ' ' 1

Residual standard error: 1.069 on 9853 degrees of freedom
Multiple R-squared:  0.1909,	Adjusted R-squared:  0.1903 
F-statistic:   332 on 7 and 9853 DF,  p-value: < 2.2e-16


Call:
lm(formula = log_cost ~ make + dealer + mileage + age + type, 
    data = Truck)

Residuals:
    Min      1Q  Median      3Q     Max 
-4.2893 -0.7343  0.0091  0.7278  4.0755 

Coefficients:
              Estimate Std. Error t value Pr(>|t|)    
(Intercept)  8.651e+00  5.049e-02 171.338  < 2e-16 ***
make        -6.209e-03  5.369e-03  -1.156   0.2475    
dealer       2.070e-03  4.169e-03   0.497   0.6195    
mileage     -5.048e-06  1.063e-06  -4.751 2.06e-06 ***
age         -6.985e-02  1.088e-02  -6.421 1.41e-10 ***
type         4.590e-02  2.168e-02   2.117   0.0343 *  
---
Signif. codes:  0 '***' 0.001 '**' 0.01 '*' 0.05 '.' 0.1 ' ' 1

Residual standard error: 1.07 on 9855 degrees of freedom
Multiple R-squared:  0.1904,	Adjusted R-squared:   0.19 
F-statistic: 463.7 on 5 and 9855 DF,  p-value: < 2.2e-16


Call:
lm(formula = damage ~ make + dealer + mileage + age + type, data = Truck)

Residuals:
    Min      1Q  Median      3Q     Max 
-2.8934 -1.1843  0.1216  1.1722  2.8736 

Coefficients:
              Estimate Std. Error t value Pr(>|t|)    
(Intercept)  2.832e+00  6.877e-02  41.175   <2e-16 ***
make        -4.114e-03  7.312e-03  -0.563    0.574    
dealer       5.277e-03  5.678e-03   0.929    0.353    
mileage      4.881e-07  1.447e-06   0.337    0.736    
age          3.261e-01  1.482e-02  22.009   <2e-16 ***
type         3.444e-01  2.952e-02  11.667   <2e-16 ***
---
Signif. codes:  0 '***' 0.001 '**' 0.01 '*' 0.05 '.' 0.1 ' ' 1

Residual standard error: 1.457 on 9855 degrees of freedom
Multiple R-squared:  0.5002,	Adjusted R-squared:  0.4999 
F-statistic:  1973 on 5 and 9855 DF,  p-value: < 2.2e-16


Call:
lm(formula = squared_damage ~ make + dealer + mileage + age + 
    type, data = Truck)

Residuals:
    Min      1Q  Median      3Q     Max 
-36.338 -13.541  -2.044  13.049  47.062 

Coefficients:
              Estimate Std. Error t value Pr(>|t|)    
(Intercept)  4.043e+00  8.189e-01   4.937 8.08e-07 ***
make        -4.520e-02  8.708e-02  -0.519    0.604    
dealer       7.682e-02  6.761e-02   1.136    0.256    
mileage      5.927e-06  1.724e-05   0.344    0.731    
age          3.706e+00  1.764e-01  21.004  < 2e-16 ***
type         3.836e+00  3.516e-01  10.912  < 2e-16 ***
---
Signif. codes:  0 '***' 0.001 '**' 0.01 '*' 0.05 '.' 0.1 ' ' 1

Residual standard error: 17.35 on 9855 degrees of freedom
Multiple R-squared:  0.4771,	Adjusted R-squared:  0.4768 
F-statistic:  1798 on 5 and 9855 DF,  p-value: < 2.2e-16


Call:
lm(formula = log_cost_resid_hp ~ -1 + damage_resid + damage_2_resid, 
    data = Truck)

Residuals:
    Min      1Q  Median      3Q     Max 
-4.2715 -0.7341  0.0080  0.7254  4.0700 

Coefficients:
                Estimate Std. Error t value Pr(>|t|)  
damage_resid   -0.046772   0.025421  -1.840   0.0658 .
damage_2_resid  0.004595   0.002135   2.152   0.0314 *
---
Signif. codes:  0 '***' 0.001 '**' 0.01 '*' 0.05 '.' 0.1 ' ' 1

Residual standard error: 1.069 on 9859 degrees of freedom
Multiple R-squared:  0.0005275,	Adjusted R-squared:  0.0003247 
F-statistic: 2.602 on 2 and 9859 DF,  p-value: 0.07421


Call:
lm(formula = log_cost ~ squared_damage + make + damage + dealer + 
    mileage + age + type, data = Truck)

Residuals:
    Min      1Q  Median      3Q     Max 
-4.2715 -0.7341  0.0080  0.7254  4.0700 

Coefficients:
                 Estimate Std. Error t value Pr(>|t|)    
(Intercept)     8.765e+00  8.135e-02 107.740  < 2e-16 ***
squared_damage  4.595e-03  2.135e-03   2.152   0.0314 *  
make           -6.194e-03  5.368e-03  -1.154   0.2486    
damage         -4.677e-02  2.543e-02  -1.839   0.0659 .  
dealer          1.964e-03  4.168e-03   0.471   0.6376    
mileage        -5.053e-06  1.062e-06  -4.756 2.01e-06 ***
age            -7.163e-02  1.114e-02  -6.430 1.34e-10 ***
type            4.438e-02  2.182e-02   2.034   0.0420 *  
---
Signif. codes:  0 '***' 0.001 '**' 0.01 '*' 0.05 '.' 0.1 ' ' 1

Residual standard error: 1.069 on 9853 degrees of freedom
Multiple R-squared:  0.1909,	Adjusted R-squared:  0.1903 
F-statistic:   332 on 7 and 9853 DF,  p-value: < 2.2e-16

null device 
          1 
null device 
          1 
null device 
          1 
null device 
          1 

Call:
lm(formula = log_cost ~ squared_damage + make + damage + dealer + 
    mileage + type, data = Truck)

Residuals:
    Min      1Q  Median      3Q     Max 
-4.3327 -0.7296  0.0054  0.7259  4.0417 

Coefficients:
                 Estimate Std. Error t value Pr(>|t|)    
(Intercept)     8.962e+00  7.551e-02 118.681   <2e-16 ***
squared_damage  4.620e-03  2.140e-03   2.159   0.0309 *  
make           -5.928e-03  5.379e-03  -1.102   0.2705    
damage         -5.735e-02  2.543e-02  -2.255   0.0241 *  
dealer          2.341e-03  4.176e-03   0.560   0.5752    
mileage        -1.154e-05  3.352e-07 -34.416   <2e-16 ***
type            4.478e-02  2.187e-02   2.048   0.0406 *  
---
Signif. codes:  0 '***' 0.001 '**' 0.01 '*' 0.05 '.' 0.1 ' ' 1

Residual standard error: 1.072 on 9854 degrees of freedom
Multiple R-squared:  0.1875,	Adjusted R-squared:  0.187 
F-statistic: 378.9 on 6 and 9854 DF,  p-value: < 2.2e-16


Call:
lm(formula = age ~ squared_damage + make + damage + dealer + 
    mileage + type, data = Truck)

Residuals:
    Min      1Q  Median      3Q     Max 
-4.2444 -0.6489 -0.0064  0.6462  3.9689 

Coefficients:
                 Estimate Std. Error t value Pr(>|t|)    
(Intercept)    -2.751e+00  6.814e-02 -40.371  < 2e-16 ***
squared_damage -3.512e-04  1.931e-03  -0.182    0.856    
make           -3.715e-03  4.854e-03  -0.765    0.444    
damage          1.477e-01  2.295e-02   6.436 1.29e-10 ***
dealer         -5.263e-03  3.769e-03  -1.396    0.163    
mileage         9.052e-05  3.025e-07 299.245  < 2e-16 ***
type           -5.560e-03  1.973e-02  -0.282    0.778    
---
Signif. codes:  0 '***' 0.001 '**' 0.01 '*' 0.05 '.' 0.1 ' ' 1

Residual standard error: 0.967 on 9854 degrees of freedom
Multiple R-squared:  0.9498,	Adjusted R-squared:  0.9497 
F-statistic: 3.106e+04 on 6 and 9854 DF,  p-value: < 2.2e-16


Call:
lm(formula = log_cost_resid_age ~ -1 + age_resid, data = Truck)

Residuals:
    Min      1Q  Median      3Q     Max 
-4.2715 -0.7341  0.0080  0.7254  4.0700 

Coefficients:
          Estimate Std. Error t value Pr(>|t|)    
age_resid -0.07163    0.01114  -6.432 1.32e-10 ***
---
Signif. codes:  0 '***' 0.001 '**' 0.01 '*' 0.05 '.' 0.1 ' ' 1

Residual standard error: 1.069 on 9860 degrees of freedom
Multiple R-squared:  0.004178,	Adjusted R-squared:  0.004077 
F-statistic: 41.37 on 1 and 9860 DF,  p-value: 1.319e-10


Call:
lm(formula = log_cost ~ squared_damage + make + damage + dealer + 
    mileage + age + type, data = Truck)

Residuals:
    Min      1Q  Median      3Q     Max 
-4.2715 -0.7341  0.0080  0.7254  4.0700 

Coefficients:
                 Estimate Std. Error t value Pr(>|t|)    
(Intercept)     8.765e+00  8.135e-02 107.740  < 2e-16 ***
squared_damage  4.595e-03  2.135e-03   2.152   0.0314 *  
make           -6.194e-03  5.368e-03  -1.154   0.2486    
damage         -4.677e-02  2.543e-02  -1.839   0.0659 .  
dealer          1.964e-03  4.168e-03   0.471   0.6376    
mileage        -5.053e-06  1.062e-06  -4.756 2.01e-06 ***
age            -7.163e-02  1.114e-02  -6.430 1.34e-10 ***
type            4.438e-02  2.182e-02   2.034   0.0420 *  
---
Signif. codes:  0 '***' 0.001 '**' 0.01 '*' 0.05 '.' 0.1 ' ' 1

Residual standard error: 1.069 on 9853 degrees of freedom
Multiple R-squared:  0.1909,	Adjusted R-squared:  0.1903 
F-statistic:   332 on 7 and 9853 DF,  p-value: < 2.2e-16

null device 
          1 
null device 
          1 
null device 
          1 

Call:
lm(formula = log_cost ~ squared_damage + make + damage + mileage + 
    age + type, data = Truck)

Residuals:
    Min      1Q  Median      3Q     Max 
-4.2753 -0.7357  0.0079  0.7267  4.0780 

Coefficients:
                 Estimate Std. Error t value Pr(>|t|)    
(Intercept)     8.775e+00  7.858e-02 111.669  < 2e-16 ***
squared_damage  4.604e-03  2.135e-03   2.156   0.0311 *  
make           -6.215e-03  5.368e-03  -1.158   0.2470    
damage         -4.684e-02  2.543e-02  -1.842   0.0655 .  
mileage        -5.047e-06  1.062e-06  -4.751 2.05e-06 ***
age            -7.170e-02  1.114e-02  -6.437 1.27e-10 ***
type            4.446e-02  2.182e-02   2.038   0.0416 *  
---
Signif. codes:  0 '***' 0.001 '**' 0.01 '*' 0.05 '.' 0.1 ' ' 1

Residual standard error: 1.069 on 9854 degrees of freedom
Multiple R-squared:  0.1909,	Adjusted R-squared:  0.1904 
F-statistic: 387.4 on 6 and 9854 DF,  p-value: < 2.2e-16


Call:
lm(formula = dealer ~ squared_damage + make + damage + mileage + 
    age + type, data = Truck)

Residuals:
    Min      1Q  Median      3Q     Max 
-4.1531 -2.0511  0.0009  2.0259  4.1280 

Coefficients:
                 Estimate Std. Error t value Pr(>|t|)    
(Intercept)     5.050e+00  1.899e-01  26.590   <2e-16 ***
squared_damage  4.382e-03  5.161e-03   0.849    0.396    
make           -1.070e-02  1.297e-02  -0.825    0.410    
damage         -3.332e-02  6.145e-02  -0.542    0.588    
mileage         2.820e-06  2.568e-06   1.098    0.272    
age            -3.759e-02  2.692e-02  -1.396    0.163    
type            4.225e-02  5.274e-02   0.801    0.423    
---
Signif. codes:  0 '***' 0.001 '**' 0.01 '*' 0.05 '.' 0.1 ' ' 1

Residual standard error: 2.584 on 9854 degrees of freedom
Multiple R-squared:  0.0004668,	Adjusted R-squared:  -0.0001418 
F-statistic: 0.767 on 6 and 9854 DF,  p-value: 0.5958

