This is pdfTeX, Version 3.14159265-2.6-1.40.21 (MiKTeX 20.11) (preloaded format=pdflatex 2022.2.17)  17 FEB 2022 17:30
entering extended mode
**./Rate_of_Return.tex
(Rate_of_Return.tex
LaTeX2e <2021-11-15> patch level 1
L3 programming layer <2021-11-22>
(C:\Users\alibe\AppData\Local\Programs\MiKTeX\n\tex/latex/base\book.cls
Document Class: book 2021/10/04 v1.4n Standard LaTeX document class
(C:\Users\alibe\AppData\Local\Programs\MiKTeX\n\tex/latex/base\bk11.clo
File: bk11.clo 2021/10/04 v1.4n Standard LaTeX file (size option)
)
\c@part=\count183
\c@chapter=\count184
\c@section=\count185
\c@subsection=\count186
\c@subsubsection=\count187
\c@paragraph=\count188
\c@subparagraph=\count189
\c@figure=\count190
\c@table=\count191
\abovecaptionskip=\skip47
\belowcaptionskip=\skip48
\bibindent=\dimen138
)
(C:\Users\alibe\AppData\Local\Programs\MiKTeX\n\tex/latex/psnfss\palatino.sty
Package: palatino 2020/03/25 PSNFSS-v9.3 (SPQR) 
)
(C:\Users\alibe\AppData\Local\Programs\MiKTeX\n\tex/latex/amsfonts\amsfonts.sty
Package: amsfonts 2013/01/14 v3.01 Basic AMSFonts support
\@emptytoks=\toks16
\symAMSa=\mathgroup4
\symAMSb=\mathgroup5
LaTeX Font Info:    Redeclaring math symbol \hbar on input line 98.
LaTeX Font Info:    Overwriting math alphabet `\mathfrak' in version `bold'
(Font)                  U/euf/m/n --> U/euf/b/n on input line 106.
) (C:\Users\alibe\AppData\Local\Programs\MiKTeX\n\tex/latex/amsmath\amsmath.sty
Package: amsmath 2021/10/15 v2.17l AMS math features
\@mathmargin=\skip49
For additional information on amsmath, use the `?' option.
(C:\Users\alibe\AppData\Local\Programs\MiKTeX\n\tex/latex/amsmath\amstext.sty
Package: amstext 2021/08/26 v2.01 AMS text

(C:\Users\alibe\AppData\Local\Programs\MiKTeX\n\tex/latex/amsmath\amsgen.sty
File: amsgen.sty 1999/11/30 v2.0 generic functions
\@emptytoks=\toks17
\ex@=\dimen139
))
(C:\Users\alibe\AppData\Local\Programs\MiKTeX\n\tex/latex/amsmath\amsbsy.sty
Package: amsbsy 1999/11/29 v1.2d Bold Symbols
\pmbraise@=\dimen140
)
(C:\Users\alibe\AppData\Local\Programs\MiKTeX\n\tex/latex/amsmath\amsopn.sty
Package: amsopn 2021/08/26 v2.02 operator names
)
\inf@bad=\count192
LaTeX Info: Redefining \frac on input line 234.
\uproot@=\count193
\leftroot@=\count194
LaTeX Info: Redefining \overline on input line 399.
\classnum@=\count195
\DOTSCASE@=\count196
LaTeX Info: Redefining \ldots on input line 496.
LaTeX Info: Redefining \dots on input line 499.
LaTeX Info: Redefining \cdots on input line 620.
\Mathstrutbox@=\box50
\strutbox@=\box51
\big@size=\dimen141
LaTeX Font Info:    Redeclaring font encoding OML on input line 743.
LaTeX Font Info:    Redeclaring font encoding OMS on input line 744.
\macc@depth=\count197
\c@MaxMatrixCols=\count198
\dotsspace@=\muskip16
\c@parentequation=\count199
\dspbrk@lvl=\count266
\tag@help=\toks18
\row@=\count267
\column@=\count268
\maxfields@=\count269
\andhelp@=\toks19
\eqnshift@=\dimen142
\alignsep@=\dimen143
\tagshift@=\dimen144
\tagwidth@=\dimen145
\totwidth@=\dimen146
\lineht@=\dimen147
\@envbody=\toks20
\multlinegap=\skip50
\multlinetaggap=\skip51
\mathdisplay@stack=\toks21
LaTeX Info: Redefining \[ on input line 2938.
LaTeX Info: Redefining \] on input line 2939.
)
(C:\Users\alibe\AppData\Local\Programs\MiKTeX\n\tex/latex/amsfonts\amssymb.sty
Package: amssymb 2013/01/14 v3.01 AMS font symbols
)
(C:\Users\alibe\AppData\Local\Programs\MiKTeX\n\tex/latex/graphics\graphicx.sty
Package: graphicx 2021/09/16 v1.2d Enhanced LaTeX Graphics (DPC,SPQR)
(C:\Users\alibe\AppData\Local\Programs\MiKTeX\n\tex/latex/graphics\keyval.sty
Package: keyval 2014/10/28 v1.15 key=value parser (DPC)
\KV@toks@=\toks22
)
(C:\Users\alibe\AppData\Local\Programs\MiKTeX\n\tex/latex/graphics\graphics.sty
Package: graphics 2021/03/04 v1.4d Standard LaTeX Graphics (DPC,SPQR)
(C:\Users\alibe\AppData\Local\Programs\MiKTeX\n\tex/latex/graphics\trig.sty
Package: trig 2021/08/11 v1.11 sin cos tan (DPC)
)
(C:\Users\alibe\AppData\Local\Programs\MiKTeX\n\tex/latex/graphics-cfg\graphics
.cfg
File: graphics.cfg 2016/06/04 v1.11 sample graphics configuration
)
Package graphics Info: Driver file: pdftex.def on input line 107.

(C:\Users\alibe\AppData\Local\Programs\MiKTeX\n\tex/latex/graphics-def\pdftex.d
ef
File: pdftex.def 2020/10/05 v1.2a Graphics/color driver for pdftex
))
\Gin@req@height=\dimen148
\Gin@req@width=\dimen149
)
(C:\Users\alibe\AppData\Local\Programs\MiKTeX\n\tex/latex/epstopdf-pkg\epstopdf
.sty
Package: epstopdf 2020-01-24 v2.11 Conversion with epstopdf on the fly (HO)

(C:\Users\alibe\AppData\Local\Programs\MiKTeX\n\tex/generic/infwarerr\infwarerr
.sty
Package: infwarerr 2019/12/03 v1.5 Providing info/warning/error messages (HO)
)
(C:\Users\alibe\AppData\Local\Programs\MiKTeX\n\tex/latex/grfext\grfext.sty
Package: grfext 2019/12/03 v1.3 Manage graphics extensions (HO)

(C:\Users\alibe\AppData\Local\Programs\MiKTeX\n\tex/generic/kvdefinekeys\kvdefi
nekeys.sty
Package: kvdefinekeys 2019-12-19 v1.6 Define keys (HO)
))
(C:\Users\alibe\AppData\Local\Programs\MiKTeX\n\tex/latex/kvoptions\kvoptions.s
ty
Package: kvoptions 2020-10-07 v3.14 Key value format for package options (HO)

(C:\Users\alibe\AppData\Local\Programs\MiKTeX\n\tex/generic/ltxcmds\ltxcmds.sty
Package: ltxcmds 2020-05-10 v1.25 LaTeX kernel commands for general use (HO)
)
(C:\Users\alibe\AppData\Local\Programs\MiKTeX\n\tex/generic/kvsetkeys\kvsetkeys
.sty
Package: kvsetkeys 2019/12/15 v1.18 Key value parser (HO)
))
(C:\Users\alibe\AppData\Local\Programs\MiKTeX\n\tex/generic/pdftexcmds\pdftexcm
ds.sty
Package: pdftexcmds 2020-06-27 v0.33 Utility functions of pdfTeX for LuaTeX (HO
)

(C:\Users\alibe\AppData\Local\Programs\MiKTeX\n\tex/generic/iftex\iftex.sty
Package: iftex 2020/03/06 v1.0d TeX engine tests
)
Package pdftexcmds Info: \pdf@primitive is available.
Package pdftexcmds Info: \pdf@ifprimitive is available.
Package pdftexcmds Info: \pdfdraftmode found.
)
(C:\Users\alibe\AppData\Local\Programs\MiKTeX\n\tex/latex/epstopdf-pkg\epstopdf
-base.sty
Package: epstopdf-base 2020-01-24 v2.11 Base part for package epstopdf
Package epstopdf-base Info: Redefining graphics rule for `.eps' on input line 4
85.
Package grfext Info: Graphics extension search list:
(grfext)             [.pdf,.png,.jpg,.mps,.jpeg,.jbig2,.jb2,.PDF,.PNG,.JPG,.JPE
G,.JBIG2,.JB2,.eps]
(grfext)             \AppendGraphicsExtensions on input line 504.

(C:\Users\alibe\AppData\Local\Programs\MiKTeX\n\tex/latex/00miktex\epstopdf-sys
.cfg
File: epstopdf-sys.cfg 2021/03/18 v2.0 Configuration of epstopdf for MiKTeX
)))
LaTeX Font Info:    Trying to load font information for OT1+ppl on input line 1
6.

(C:\Users\alibe\AppData\Local\Programs\MiKTeX\n\tex/latex/psnfss\ot1ppl.fd
File: ot1ppl.fd 2001/06/04 font definitions for OT1/ppl.
)
(C:\Users\alibe\AppData\Local\Programs\MiKTeX\n\tex/latex/l3backend\l3backend-p
dftex.def
File: l3backend-pdftex.def 2021-10-18 L3 backend support: PDF output (pdfTeX)
\l__color_backend_stack_int=\count270
\l__pdf_internal_box=\box52
) (Rate_of_Return.aux)
\openout1 = `Rate_of_Return.aux'.

LaTeX Font Info:    Checking defaults for OML/cmm/m/it on input line 16.
LaTeX Font Info:    ... okay on input line 16.
LaTeX Font Info:    Checking defaults for OMS/cmsy/m/n on input line 16.
LaTeX Font Info:    ... okay on input line 16.
LaTeX Font Info:    Checking defaults for OT1/cmr/m/n on input line 16.
LaTeX Font Info:    ... okay on input line 16.
LaTeX Font Info:    Checking defaults for T1/cmr/m/n on input line 16.
LaTeX Font Info:    ... okay on input line 16.
LaTeX Font Info:    Checking defaults for TS1/cmr/m/n on input line 16.
LaTeX Font Info:    ... okay on input line 16.
LaTeX Font Info:    Checking defaults for OMX/cmex/m/n on input line 16.
LaTeX Font Info:    ... okay on input line 16.
LaTeX Font Info:    Checking defaults for U/cmr/m/n on input line 16.
LaTeX Font Info:    ... okay on input line 16.

(C:\Users\alibe\AppData\Local\Programs\MiKTeX\n\tex/context/base/mkii\supp-pdf.
mkii
[Loading MPS to PDF converter (version 2006.09.02).]
\scratchcounter=\count271
\scratchdimen=\dimen150
\scratchbox=\box53
\nofMPsegments=\count272
\nofMParguments=\count273
\everyMPshowfont=\toks23
\MPscratchCnt=\count274
\MPscratchDim=\dimen151
\MPnumerator=\count275
\makeMPintoPDFobject=\count276
\everyMPtoPDFconversion=\toks24
)

pdfTeX warning: pdflatex.exe (file ../Figures/ecdf_prices.pdf): PDF inclusion: 
found PDF version <1.7>, but at most version <1.5> allowed
<../Figures/ecdf_prices.pdf, id=1, 505.89pt x 505.89pt>
File: ../Figures/ecdf_prices.pdf Graphic file (type pdf)
<use ../Figures/ecdf_prices.pdf>
Package pdftex.def Info: ../Figures/ecdf_prices.pdf  used on input line 45.
(pdftex.def)             Requested size: 252.94437pt x 252.94437pt.


pdfTeX warning: pdflatex.exe (file ../Figures/hist_prices.pdf): PDF inclusion: 
found PDF version <1.7>, but at most version <1.5> allowed
<../Figures/hist_prices.pdf, id=2, 505.89pt x 505.89pt>
File: ../Figures/hist_prices.pdf Graphic file (type pdf)
<use ../Figures/hist_prices.pdf>
Package pdftex.def Info: ../Figures/hist_prices.pdf  used on input line 57.
(pdftex.def)             Requested size: 252.94437pt x 252.94437pt.
[1

{C:/Users/alibe/AppData/Local/MiKTeX/fonts/map/pdftex/pdftex.map} <../Figures/e
cdf_prices.pdf>]
Underfull \vbox (badness 10000) has occurred while \output is active []

 [2 <../Figures/hist_prices.pdf>]

pdfTeX warning: pdflatex.exe (file ../Figures/density_prices.pdf): PDF inclusio
n: found PDF version <1.7>, but at most version <1.5> allowed
<../Figures/density_prices.pdf, id=24, 505.89pt x 505.89pt>
File: ../Figures/density_prices.pdf Graphic file (type pdf)
<use ../Figures/density_prices.pdf>
Package pdftex.def Info: ../Figures/density_prices.pdf  used on input line 71.
(pdftex.def)             Requested size: 252.94437pt x 252.94437pt.
[3 <../Figures/density_prices.pdf>] (Rate_of_Return.aux) ) 
Here is how much of TeX's memory you used:
 3174 strings out of 478686
 52006 string characters out of 2845704
 648020 words of memory out of 3000000
 21254 multiletter control sequences out of 15000+600000
 407237 words of font info for 35 fonts, out of 8000000 for 9000
 1141 hyphenation exceptions out of 8191
 55i,7n,62p,229b,235s stack positions out of 5000i,500n,10000p,200000b,80000s
{C:/Users/alibe/AppDa
ta/Local/Programs/MiKTeX/n/fonts/enc/dvips/base/8r.enc}<C:/Users/alibe/AppData/
Local/Programs/MiKTeX/n/fonts/type1/urw/palatino/uplb8a.pfb><C:/Users/alibe/App
Data/Local/Programs/MiKTeX/n/fonts/type1/urw/palatino/uplr8a.pfb>
Output written on Rate_of_Return.pdf (3 pages, 63883 bytes).
PDF statistics:
 49 PDF objects out of 1000 (max. 8388607)
 0 named destinations out of 1000 (max. 500000)
 16 words of extra memory for PDF output out of 10000 (max. 10000000)

