This is pdfTeX, Version 3.14159265-2.6-1.40.21 (MiKTeX 20.11) (preloaded format=pdflatex 2022.5.4)  4 MAY 2022 23:52
entering extended mode
**./Car_data.tex
(Car_data.tex
LaTeX2e <2021-11-15> patch level 1
L3 programming layer <2021-11-22>
(C:\Users\alibe\AppData\Local\Programs\MiKTeX\n\tex/latex/paper\paper.cls
Document Class: paper 2008/05/30 1.0l LaTeX document class (wm).
\hours=\count183
\minutes=\count184
(C:\Users\alibe\AppData\Local\Programs\MiKTeX\n\tex/latex/base\size11.clo
File: size11.clo 2021/10/04 v1.4n Standard LaTeX file (size option)
)
\beforetitlespace=\skip47
\c@part=\count185
\c@section=\count186
\c@subsection=\count187
\c@subsubsection=\count188
\c@paragraph=\count189
\c@subparagraph=\count190
\exampleindent=\skip48
\c@figure=\count191
\c@table=\count192
\abovecaptionskip=\skip49
\belowcaptionskip=\skip50
\bibindent=\dimen138
)
(C:\Users\alibe\AppData\Local\Programs\MiKTeX\n\tex/latex/psnfss\palatino.sty
Package: palatino 2020/03/25 PSNFSS-v9.3 (SPQR) 
)
(C:\Users\alibe\AppData\Local\Programs\MiKTeX\n\tex/latex/amsfonts\amsfonts.sty
Package: amsfonts 2013/01/14 v3.01 Basic AMSFonts support
\@emptytoks=\toks16
\symAMSa=\mathgroup4
\symAMSb=\mathgroup5
LaTeX Font Info:    Redeclaring math symbol \hbar on input line 98.
LaTeX Font Info:    Overwriting math alphabet `\mathfrak' in version `bold'
(Font)                  U/euf/m/n --> U/euf/b/n on input line 106.
) (C:\Users\alibe\AppData\Local\Programs\MiKTeX\n\tex/latex/amsmath\amsmath.sty
Package: amsmath 2021/10/15 v2.17l AMS math features
\@mathmargin=\skip51
For additional information on amsmath, use the `?' option.
(C:\Users\alibe\AppData\Local\Programs\MiKTeX\n\tex/latex/amsmath\amstext.sty
Package: amstext 2021/08/26 v2.01 AMS text

(C:\Users\alibe\AppData\Local\Programs\MiKTeX\n\tex/latex/amsmath\amsgen.sty
File: amsgen.sty 1999/11/30 v2.0 generic functions
\@emptytoks=\toks17
\ex@=\dimen139
))
(C:\Users\alibe\AppData\Local\Programs\MiKTeX\n\tex/latex/amsmath\amsbsy.sty
Package: amsbsy 1999/11/29 v1.2d Bold Symbols
\pmbraise@=\dimen140
)
(C:\Users\alibe\AppData\Local\Programs\MiKTeX\n\tex/latex/amsmath\amsopn.sty
Package: amsopn 2021/08/26 v2.02 operator names
)
\inf@bad=\count193
LaTeX Info: Redefining \frac on input line 234.
\uproot@=\count194
\leftroot@=\count195
LaTeX Info: Redefining \overline on input line 399.
\classnum@=\count196
\DOTSCASE@=\count197
LaTeX Info: Redefining \ldots on input line 496.
LaTeX Info: Redefining \dots on input line 499.
LaTeX Info: Redefining \cdots on input line 620.
\Mathstrutbox@=\box50
\strutbox@=\box51
\big@size=\dimen141
LaTeX Font Info:    Redeclaring font encoding OML on input line 743.
LaTeX Font Info:    Redeclaring font encoding OMS on input line 744.
\macc@depth=\count198
\c@MaxMatrixCols=\count199
\dotsspace@=\muskip16
\c@parentequation=\count266
\dspbrk@lvl=\count267
\tag@help=\toks18
\row@=\count268
\column@=\count269
\maxfields@=\count270
\andhelp@=\toks19
\eqnshift@=\dimen142
\alignsep@=\dimen143
\tagshift@=\dimen144
\tagwidth@=\dimen145
\totwidth@=\dimen146
\lineht@=\dimen147
\@envbody=\toks20
\multlinegap=\skip52
\multlinetaggap=\skip53
\mathdisplay@stack=\toks21
LaTeX Info: Redefining \[ on input line 2938.
LaTeX Info: Redefining \] on input line 2939.
)
(C:\Users\alibe\AppData\Local\Programs\MiKTeX\n\tex/latex/amsfonts\amssymb.sty
Package: amssymb 2013/01/14 v3.01 AMS font symbols
)
(C:\Users\alibe\AppData\Local\Programs\MiKTeX\n\tex/latex/listings\listings.sty
(C:\Users\alibe\AppData\Local\Programs\MiKTeX\n\tex/latex/graphics\keyval.sty
Package: keyval 2014/10/28 v1.15 key=value parser (DPC)
\KV@toks@=\toks22
)
\lst@mode=\count271
\lst@gtempboxa=\box52
\lst@token=\toks23
\lst@length=\count272
\lst@currlwidth=\dimen148
\lst@column=\count273
\lst@pos=\count274
\lst@lostspace=\dimen149
\lst@width=\dimen150
\lst@newlines=\count275
\lst@lineno=\count276
\lst@maxwidth=\dimen151

(C:\Users\alibe\AppData\Local\Programs\MiKTeX\n\tex/latex/listings\lstmisc.sty
File: lstmisc.sty 2020/03/24 1.8d (Carsten Heinz)
\c@lstnumber=\count277
\lst@skipnumbers=\count278
\lst@framebox=\box53
)
(C:\Users\alibe\AppData\Local\Programs\MiKTeX\n\tex/latex/listings\listings.cfg
File: listings.cfg 2020/03/24 1.8d listings configuration
))
Package: listings 2020/03/24 1.8d (Carsten Heinz)
 (C:\Users\alibe\AppData\Local\Programs\MiKTeX\n\tex/latex/base\textcomp.sty
Package: textcomp 2020/02/02 v2.0n Standard LaTeX package
) (C:\Users\alibe\AppData\Local\Programs\MiKTeX\n\tex/latex/graphics\color.sty
Package: color 2021/10/11 v1.3b Standard LaTeX Color (DPC)

(C:\Users\alibe\AppData\Local\Programs\MiKTeX\n\tex/latex/graphics-cfg\color.cf
g
File: color.cfg 2016/01/02 v1.6 sample color configuration
)
Package color Info: Driver file: pdftex.def on input line 149.

(C:\Users\alibe\AppData\Local\Programs\MiKTeX\n\tex/latex/graphics-def\pdftex.d
ef
File: pdftex.def 2020/10/05 v1.2a Graphics/color driver for pdftex
))
(C:\Users\alibe\AppData\Local\Programs\MiKTeX\n\tex/latex/listings\lstlang1.sty
File: lstlang1.sty 2020/03/24 1.8d listings language file
)
(C:\Users\alibe\AppData\Local\Programs\MiKTeX\n\tex/latex/listings\lstlang2.sty
File: lstlang2.sty 2020/03/24 1.8d listings language file
)
(C:\Users\alibe\AppData\Local\Programs\MiKTeX\n\tex/latex/listings\lstlang3.sty
File: lstlang3.sty 2020/03/24 1.8d listings language file
)
(C:\Users\alibe\AppData\Local\Programs\MiKTeX\n\tex/latex/graphics\graphicx.sty
Package: graphicx 2021/09/16 v1.2d Enhanced LaTeX Graphics (DPC,SPQR)

(C:\Users\alibe\AppData\Local\Programs\MiKTeX\n\tex/latex/graphics\graphics.sty
Package: graphics 2021/03/04 v1.4d Standard LaTeX Graphics (DPC,SPQR)
(C:\Users\alibe\AppData\Local\Programs\MiKTeX\n\tex/latex/graphics\trig.sty
Package: trig 2021/08/11 v1.11 sin cos tan (DPC)
)
(C:\Users\alibe\AppData\Local\Programs\MiKTeX\n\tex/latex/graphics-cfg\graphics
.cfg
File: graphics.cfg 2016/06/04 v1.11 sample graphics configuration
)
Package graphics Info: Driver file: pdftex.def on input line 107.
)
\Gin@req@height=\dimen152
\Gin@req@width=\dimen153
)
(C:\Users\alibe\AppData\Local\Programs\MiKTeX\n\tex/latex/epstopdf-pkg\epstopdf
.sty
Package: epstopdf 2020-01-24 v2.11 Conversion with epstopdf on the fly (HO)

(C:\Users\alibe\AppData\Local\Programs\MiKTeX\n\tex/generic/infwarerr\infwarerr
.sty
Package: infwarerr 2019/12/03 v1.5 Providing info/warning/error messages (HO)
)
(C:\Users\alibe\AppData\Local\Programs\MiKTeX\n\tex/latex/grfext\grfext.sty
Package: grfext 2019/12/03 v1.3 Manage graphics extensions (HO)

(C:\Users\alibe\AppData\Local\Programs\MiKTeX\n\tex/generic/kvdefinekeys\kvdefi
nekeys.sty
Package: kvdefinekeys 2019-12-19 v1.6 Define keys (HO)
))
(C:\Users\alibe\AppData\Local\Programs\MiKTeX\n\tex/latex/kvoptions\kvoptions.s
ty
Package: kvoptions 2020-10-07 v3.14 Key value format for package options (HO)

(C:\Users\alibe\AppData\Local\Programs\MiKTeX\n\tex/generic/ltxcmds\ltxcmds.sty
Package: ltxcmds 2020-05-10 v1.25 LaTeX kernel commands for general use (HO)
)
(C:\Users\alibe\AppData\Local\Programs\MiKTeX\n\tex/generic/kvsetkeys\kvsetkeys
.sty
Package: kvsetkeys 2019/12/15 v1.18 Key value parser (HO)
))
(C:\Users\alibe\AppData\Local\Programs\MiKTeX\n\tex/generic/pdftexcmds\pdftexcm
ds.sty
Package: pdftexcmds 2020-06-27 v0.33 Utility functions of pdfTeX for LuaTeX (HO
)

(C:\Users\alibe\AppData\Local\Programs\MiKTeX\n\tex/generic/iftex\iftex.sty
Package: iftex 2020/03/06 v1.0d TeX engine tests
)
Package pdftexcmds Info: \pdf@primitive is available.
Package pdftexcmds Info: \pdf@ifprimitive is available.
Package pdftexcmds Info: \pdfdraftmode found.
)
(C:\Users\alibe\AppData\Local\Programs\MiKTeX\n\tex/latex/epstopdf-pkg\epstopdf
-base.sty
Package: epstopdf-base 2020-01-24 v2.11 Base part for package epstopdf
Package epstopdf-base Info: Redefining graphics rule for `.eps' on input line 4
85.
Package grfext Info: Graphics extension search list:
(grfext)             [.pdf,.png,.jpg,.mps,.jpeg,.jbig2,.jb2,.PDF,.PNG,.JPG,.JPE
G,.JBIG2,.JB2,.eps]
(grfext)             \AppendGraphicsExtensions on input line 504.

(C:\Users\alibe\AppData\Local\Programs\MiKTeX\n\tex/latex/00miktex\epstopdf-sys
.cfg
File: epstopdf-sys.cfg 2021/03/18 v2.0 Configuration of epstopdf for MiKTeX
)))
(C:\Users\alibe\AppData\Local\Programs\MiKTeX\n\tex/latex/subfig\subfig.sty
Package: subfig 2005/06/28 ver: 1.3 subfig package

(C:\Users\alibe\AppData\Local\Programs\MiKTeX\n\tex/latex/caption\caption.sty
Package: caption 2022/02/28 v3.6a Customizing captions (AR)

(C:\Users\alibe\AppData\Local\Programs\MiKTeX\n\tex/latex/caption\caption3.sty
Package: caption3 2022/02/28 v2.3a caption3 kernel (AR)
\caption@tempdima=\dimen154
\captionmargin=\dimen155
\caption@leftmargin=\dimen156
\caption@rightmargin=\dimen157
\caption@width=\dimen158
\caption@indent=\dimen159
\caption@parindent=\dimen160
\caption@hangindent=\dimen161
Package caption Info: thesis document class detected.

(C:\Users\alibe\AppData\Local\Programs\MiKTeX\n\tex/latex/caption\caption-thesi
s.sto
File: caption-thesis.sto 2020/08/22 v2.0 Adaption of the caption package to the
 thesis document class (AR)
))
\c@caption@flags=\count279
\c@continuedfloat=\count280
Package caption Info: listings package is loaded.
)
\c@KVtest=\count281
\sf@farskip=\skip54
\sf@captopadj=\dimen162
\sf@capskip=\skip55
\sf@nearskip=\skip56
\c@subfigure=\count282
\c@subfigure@save=\count283
\c@lofdepth=\count284
\c@subtable=\count285
\c@subtable@save=\count286
\c@lotdepth=\count287
\sf@top=\skip57
\sf@bottom=\skip58
)
LaTeX Font Info:    Trying to load font information for OT1+ppl on input line 4
8.

(C:\Users\alibe\AppData\Local\Programs\MiKTeX\n\tex/latex/psnfss\ot1ppl.fd
File: ot1ppl.fd 2001/06/04 font definitions for OT1/ppl.
)
(C:\Users\alibe\AppData\Local\Programs\MiKTeX\n\tex/latex/l3backend\l3backend-p
dftex.def
File: l3backend-pdftex.def 2021-10-18 L3 backend support: PDF output (pdfTeX)
\l__color_backend_stack_int=\count288
\l__pdf_internal_box=\box54
) (Car_data.aux

LaTeX Warning: Label `fig:density_ror' multiply defined.


LaTeX Warning: Label `tab:reg_sq_damage' multiply defined.

)
\openout1 = `Car_data.aux'.

LaTeX Font Info:    Checking defaults for OML/cmm/m/it on input line 48.
LaTeX Font Info:    ... okay on input line 48.
LaTeX Font Info:    Checking defaults for OMS/cmsy/m/n on input line 48.
LaTeX Font Info:    ... okay on input line 48.
LaTeX Font Info:    Checking defaults for OT1/cmr/m/n on input line 48.
LaTeX Font Info:    ... okay on input line 48.
LaTeX Font Info:    Checking defaults for T1/cmr/m/n on input line 48.
LaTeX Font Info:    ... okay on input line 48.
LaTeX Font Info:    Checking defaults for TS1/cmr/m/n on input line 48.
LaTeX Font Info:    ... okay on input line 48.
LaTeX Font Info:    Checking defaults for OMX/cmex/m/n on input line 48.
LaTeX Font Info:    ... okay on input line 48.
LaTeX Font Info:    Checking defaults for U/cmr/m/n on input line 48.
LaTeX Font Info:    ... okay on input line 48.
\c@lstlisting=\count289

(C:\Users\alibe\AppData\Local\Programs\MiKTeX\n\tex/context/base/mkii\supp-pdf.
mkii
[Loading MPS to PDF converter (version 2006.09.02).]
\scratchcounter=\count290
\scratchdimen=\dimen163
\scratchbox=\box55
\nofMPsegments=\count291
\nofMParguments=\count292
\everyMPshowfont=\toks24
\MPscratchCnt=\count293
\MPscratchDim=\dimen164
\MPnumerator=\count294
\makeMPintoPDFobject=\count295
\everyMPtoPDFconversion=\toks25
)
Package caption Info: Begin \AtBeginDocument code.
Package caption Info: subfig package v1.3 is loaded.
Package caption Info: End \AtBeginDocument code.
LaTeX Font Info:    Trying to load font information for OT1+phv on input line 6
8.
 (C:\Users\alibe\AppData\Local\Programs\MiKTeX\n\tex/latex/psnfss\ot1phv.fd
File: ot1phv.fd 2020/03/25 scalable font definitions for OT1/phv.
)
Missing character: There is no â in font pplr7t!
Missing character: There is no € in font pplr7t!
Missing character: There is no ™ in font pplr7t!
Missing character: There is no â in font pplr7t!
Missing character: There is no € in font pplr7t!
Missing character: There is no ™ in font pplr7t!
Missing character: There is no â in font pplr7t!
Missing character: There is no € in font pplr7t!
Missing character: There is no ™ in font pplr7t!
[1

{C:/Users/alibe/AppData/Local/MiKTeX/fonts/map/pdftex/pdftex.map}]
LaTeX Font Info:    Trying to load font information for U+msa on input line 116
.

(C:\Users\alibe\AppData\Local\Programs\MiKTeX\n\tex/latex/amsfonts\umsa.fd
File: umsa.fd 2013/01/14 v3.01 AMS symbols A
)
LaTeX Font Info:    Trying to load font information for U+msb on input line 116
.

(C:\Users\alibe\AppData\Local\Programs\MiKTeX\n\tex/latex/amsfonts\umsb.fd
File: umsb.fd 2013/01/14 v3.01 AMS symbols B
)
Overfull \hbox (64.93674pt too wide) in paragraph at lines 116--145
 [][] 
 []

[2] [3]
LaTeX Font Info:    Trying to load font information for OT1+pcr on input line 1
69.

(C:\Users\alibe\AppData\Local\Programs\MiKTeX\n\tex/latex/psnfss\ot1pcr.fd
File: ot1pcr.fd 2001/06/04 font definitions for OT1/pcr.
)
[4

]

pdfTeX warning: pdflatex.exe (file ../Figures/ecdf_ror.pdf): PDF inclusion: fou
nd PDF version <1.7>, but at most version <1.5> allowed
<../Figures/ecdf_ror.pdf, id=21, 614.295pt x 794.97pt>
File: ../Figures/ecdf_ror.pdf Graphic file (type pdf)
<use ../Figures/ecdf_ror.pdf>
Package pdftex.def Info: ../Figures/ecdf_ror.pdf  used on input line 202.
(pdftex.def)             Requested size: 307.14674pt x 397.48402pt.


pdfTeX warning: pdflatex.exe (file ../Figures/hist_ror.pdf): PDF inclusion: fou
nd PDF version <1.7>, but at most version <1.5> allowed
<../Figures/hist_ror.pdf, id=22, 505.89pt x 505.89pt>
File: ../Figures/hist_ror.pdf Graphic file (type pdf)
<use ../Figures/hist_ror.pdf>
Package pdftex.def Info: ../Figures/hist_ror.pdf  used on input line 213.
(pdftex.def)             Requested size: 252.94437pt x 252.94437pt.
[5

 <../Figures/ecdf_ror.pdf>] [6 <../Figures/hist_ror.pdf>]
<../Figures/density_ror.pdf, id=40, 505.89pt x 505.89pt>
File: ../Figures/density_ror.pdf Graphic file (type pdf)
<use ../Figures/density_ror.pdf>
Package pdftex.def Info: ../Figures/density_ror.pdf  used on input line 225.
(pdftex.def)             Requested size: 252.94437pt x 252.94437pt.
 [7 <../Figures/density_ror.pdf>]
<../Figures/slpom_num_only.pdf, id=51, 505.89pt x 505.89pt>
File: ../Figures/slpom_num_only.pdf Graphic file (type pdf)
<use ../Figures/slpom_num_only.pdf>
Package pdftex.def Info: ../Figures/slpom_num_only.pdf  used on input line 244.

(pdftex.def)             Requested size: 252.94437pt x 252.94437pt.
 [8

 <../Figures/slpom_num_only.pdf>]
<../Figures/slpom_with_cat.pdf, id=60, 505.89pt x 505.89pt>
File: ../Figures/slpom_with_cat.pdf Graphic file (type pdf)
<use ../Figures/slpom_with_cat.pdf>
Package pdftex.def Info: ../Figures/slpom_with_cat.pdf  used on input line 254.

(pdftex.def)             Requested size: 252.94437pt x 252.94437pt.
 [9

 <../Figures/slpom_with_cat.pdf>]
<../Figures/age_mileage_plot.pdf, id=69, 505.89pt x 505.89pt>
File: ../Figures/age_mileage_plot.pdf Graphic file (type pdf)
<use ../Figures/age_mileage_plot.pdf>
Package pdftex.def Info: ../Figures/age_mileage_plot.pdf  used on input line 26
5.
(pdftex.def)             Requested size: 252.94437pt x 252.94437pt.
 [10

 <../Figures/age_mileage_plot.pdf>]
<../Figures/pauc_age_plot.pdf, id=78, 505.89pt x 505.89pt>
File: ../Figures/pauc_age_plot.pdf Graphic file (type pdf)
<use ../Figures/pauc_age_plot.pdf>
Package pdftex.def Info: ../Figures/pauc_age_plot.pdf  used on input line 277.
(pdftex.def)             Requested size: 252.94437pt x 252.94437pt.
 [11 <../Figures/pauc_age_plot.pdf>]
<../Figures/pert_age_plot.pdf, id=87, 505.89pt x 505.89pt>
File: ../Figures/pert_age_plot.pdf Graphic file (type pdf)
<use ../Figures/pert_age_plot.pdf>
Package pdftex.def Info: ../Figures/pert_age_plot.pdf  used on input line 288.
(pdftex.def)             Requested size: 252.94437pt x 252.94437pt.
 [12 <../Figures/pert_age_plot.pdf>]
File: ../Figures/density_ror.pdf Graphic file (type pdf)
<use ../Figures/density_ror.pdf>
Package pdftex.def Info: ../Figures/density_ror.pdf  used on input line 302.
(pdftex.def)             Requested size: 252.94437pt x 252.94437pt.
 [13

]
Overfull \hbox (0.24562pt too wide) in paragraph at lines 309--311
[]\OT1/ppl/m/n/10.95 As a com-par-i-son, Fig-ure 10[] shows the kernel-smoothed
 prob-a-bil-ity den-
 []

<../Figures/density_log_ror.pdf, id=100, 505.89pt x 505.89pt>
File: ../Figures/density_log_ror.pdf Graphic file (type pdf)
<use ../Figures/density_log_ror.pdf>
Package pdftex.def Info: ../Figures/density_log_ror.pdf  used on input line 314
.
(pdftex.def)             Requested size: 252.94437pt x 252.94437pt.
[14 <../Figures/density_log_ror.pdf>]
<../Figures/qq_ror.pdf, id=110, 505.89pt x 505.89pt>
File: ../Figures/qq_ror.pdf Graphic file (type pdf)
<use ../Figures/qq_ror.pdf>
Package pdftex.def Info: ../Figures/qq_ror.pdf  used on input line 336.
(pdftex.def)             Requested size: 180.0pt x 179.99745pt.
<../Figures/qq_log_ror.pdf, id=111, 505.89pt x 505.89pt>
File: ../Figures/qq_log_ror.pdf Graphic file (type pdf)
<use ../Figures/qq_log_ror.pdf>
Package pdftex.def Info: ../Figures/qq_log_ror.pdf  used on input line 339.
(pdftex.def)             Requested size: 180.0pt x 179.99745pt.
 [15 <../Figures/qq_ror.pdf> <../Figures/qq_log_ror.pdf>] [16

] [17]
Overfull \hbox (6.47554pt too wide) in paragraph at lines 421--427
[]\OT1/ppl/m/n/10.95 As a first ap-prox-i-ma-tion, One can cal-cu-late the valu
e of the log-likelihood
 []

<../Figures/box_cox_loglike_uni.pdf, id=139, 505.89pt x 505.89pt>
File: ../Figures/box_cox_loglike_uni.pdf Graphic file (type pdf)
<use ../Figures/box_cox_loglike_uni.pdf>
Package pdftex.def Info: ../Figures/box_cox_loglike_uni.pdf  used on input line
 440.
(pdftex.def)             Requested size: 252.94437pt x 252.94437pt.
[18 <../Figures/box_cox_loglike_uni.pdf>] [19]
<../Figures/plot_like_MASS.pdf, id=153, 505.89pt x 505.89pt>
File: ../Figures/plot_like_MASS.pdf Graphic file (type pdf)
<use ../Figures/plot_like_MASS.pdf>
Package pdftex.def Info: ../Figures/plot_like_MASS.pdf  used on input line 515.

(pdftex.def)             Requested size: 252.94437pt x 252.94437pt.


LaTeX Warning: `!h' float specifier changed to `!ht'.

[20

] [21 <../Figures/plot_like_MASS.pdf>]

LaTeX Warning: Reference `tab:reg_sq_mileage' on page 22 undefined on input lin
e 529.

(../Tables/reg_sq_mileage.tex

LaTeX Warning: Float too large for page by 352.59915pt on input line 76.

) [22

] [23]

LaTeX Warning: Reference `tab:reg_sq_mileage' on page 24 undefined on input lin
e 538.


LaTeX Warning: Reference `tab:reg_sq_mileage' on page 24 undefined on input lin
e 556.

(../Tables/reg_sq_mileage_fwl.tex
Overfull \hbox (146.9456pt too wide) in paragraph at lines 4--79
 [] 
 []


LaTeX Warning: Float too large for page by 435.1991pt on input line 82.

) [24

] [25]

LaTeX Warning: Reference `fig:dev_vs_mileage' on page 26 undefined on input lin
e 577.

<../Figures/dev_vs_ror.pdf, id=182, 505.89pt x 505.89pt>
File: ../Figures/dev_vs_ror.pdf Graphic file (type pdf)
<use ../Figures/dev_vs_ror.pdf>
Package pdftex.def Info: ../Figures/dev_vs_ror.pdf  used on input line 587.
(pdftex.def)             Requested size: 252.94437pt x 252.94437pt.
[26 <../Figures/dev_vs_ror.pdf>] (../Tables/bt_mlg.tex
Missing character: There is no ‘ in font pcrr7t!
Missing character: There is no ’ in font pcrr7t!
Missing character: There is no ‘ in font pcrr7t!
Missing character: There is no ’ in font pcrr7t!
Missing character: There is no ‘ in font pcrr7t!
Missing character: There is no ’ in font pcrr7t!
Missing character: There is no ‘ in font pcrr7t!
Missing character: There is no ’ in font pcrr7t!
Missing character: There is no ‘ in font pcrr7t!
Missing character: There is no ’ in font pcrr7t!
) (../Tables/bt_age.tex) (../Tables/bt_eng.tex
Missing character: There is no ‘ in font pcrr7t!
Missing character: There is no ’ in font pcrr7t!
Missing character: There is no ‘ in font pcrr7t!
Missing character: There is no ’ in font pcrr7t!
Missing character: There is no ‘ in font pcrr7t!
Missing character: There is no ’ in font pcrr7t!
Missing character: There is no ‘ in font pcrr7t!
Missing character: There is no ’ in font pcrr7t!
Missing character: There is no ‘ in font pcrr7t!
Missing character: There is no ’ in font pcrr7t!
[27]) [28] [29]

LaTeX Warning: Reference `tab:reg_type' on page 30 undefined on input line 711.


(../Tables/reg_sq_mileage.tex

LaTeX Warning: Float too large for page by 352.59915pt on input line 76.

) [30

] [31] [32

] [33] (../Tables/reg_probit.tex

LaTeX Warning: Float too large for page by 379.79913pt on input line 78.

) [34] (Car_data.aux)

LaTeX Warning: There were undefined references.


LaTeX Warning: There were multiply-defined labels.

 ) 
Here is how much of TeX's memory you used:
 7180 strings out of 478686
 118659 string characters out of 2845705
 703906 words of memory out of 3000000
 25145 multiletter control sequences out of 15000+600000
 423236 words of font info for 74 fonts, out of 8000000 for 9000
 1141 hyphenation exceptions out of 8191
 69i,11n,79p,1564b,1841s stack positions out of 5000i,500n,10000p,200000b,80000s
{C:/Users/alibe/AppData/Local/Programs/MiKTeX/n/fonts/enc/dvips/base/8r.enc}<
C:/Users/alibe/AppData/Local/Programs/MiKTeX/n/fonts/type1/public/amsfonts/cm/c
mex10.pfb><C:/Users/alibe/AppData/Local/Programs/MiKTeX/n/fonts/type1/public/am
sfonts/cm/cmmi10.pfb><C:/Users/alibe/AppData/Local/Programs/MiKTeX/n/fonts/type
1/public/amsfonts/cm/cmmi6.pfb><C:/Users/alibe/AppData/Local/Programs/MiKTeX/n/
fonts/type1/public/amsfonts/cm/cmmi8.pfb><C:/Users/alibe/AppData/Local/Programs
/MiKTeX/n/fonts/type1/public/amsfonts/cm/cmr10.pfb><C:/Users/alibe/AppData/Loca
l/Programs/MiKTeX/n/fonts/type1/public/amsfonts/cm/cmr8.pfb><C:/Users/alibe/App
Data/Local/Programs/MiKTeX/n/fonts/type1/public/amsfonts/cm/cmsy10.pfb><C:/User
s/alibe/AppData/Local/Programs/MiKTeX/n/fonts/type1/public/amsfonts/cm/cmsy6.pf
b><C:/Users/alibe/AppData/Local/Programs/MiKTeX/n/fonts/type1/public/amsfonts/c
m/cmsy8.pfb><C:/Users/alibe/AppData/Local/Programs/MiKTeX/n/fonts/type1/urw/cou
rier/ucrb8a.pfb><C:/Users/alibe/AppData/Local/Programs/MiKTeX/n/fonts/type1/urw
/courier/ucrr8a.pfb><C:/Users/alibe/AppData/Local/Programs/MiKTeX/n/fonts/type1
/urw/helvetic/uhvb8a.pfb><C:/Users/alibe/AppData/Local/Programs/MiKTeX/n/fonts/
type1/urw/helvetic/uhvr8a.pfb><C:/Users/alibe/AppData/Local/Programs/MiKTeX/n/f
onts/type1/urw/palatino/uplb8a.pfb><C:/Users/alibe/AppData/Local/Programs/MiKTe
X/n/fonts/type1/urw/palatino/uplr8a.pfb>
Output written on Car_data.pdf (34 pages, 47920137 bytes).
PDF statistics:
 280 PDF objects out of 1000 (max. 8388607)
 0 named destinations out of 1000 (max. 500000)
 71 words of extra memory for PDF output out of 10000 (max. 10000000)

