This is pdfTeX, Version 3.14159265-2.6-1.40.21 (MiKTeX 20.11) (preloaded format=pdflatex 2022.2.10)  10 FEB 2022 16:49
entering extended mode
**./Trucks_Tables.tex
(Trucks_Tables.tex
LaTeX2e <2021-11-15> patch level 1
L3 programming layer <2021-11-22>
(C:\Users\alibe\AppData\Local\Programs\MiKTeX\n\tex/latex/base\article.cls
Document Class: article 2021/10/04 v1.4n Standard LaTeX document class
(C:\Users\alibe\AppData\Local\Programs\MiKTeX\n\tex/latex/base\size11.clo
File: size11.clo 2021/10/04 v1.4n Standard LaTeX file (size option)
)
\c@part=\count183
\c@section=\count184
\c@subsection=\count185
\c@subsubsection=\count186
\c@paragraph=\count187
\c@subparagraph=\count188
\c@figure=\count189
\c@table=\count190
\abovecaptionskip=\skip47
\belowcaptionskip=\skip48
\bibindent=\dimen138
)
(C:\Users\alibe\AppData\Local\Programs\MiKTeX\n\tex/latex/preprint\fullpage.sty
Package: fullpage 1999/02/23 1.1 (PWD)
\FP@margin=\skip49
)
(C:\Users\alibe\AppData\Local\Programs\MiKTeX\n\tex/latex/l3backend\l3backend-p
dftex.def
File: l3backend-pdftex.def 2021-10-18 L3 backend support: PDF output (pdfTeX)
\l__color_backend_stack_int=\count191
\l__pdf_internal_box=\box50
) (Trucks_Tables.aux)
\openout1 = `Trucks_Tables.aux'.

LaTeX Font Info:    Checking defaults for OML/cmm/m/it on input line 5.
LaTeX Font Info:    ... okay on input line 5.
LaTeX Font Info:    Checking defaults for OMS/cmsy/m/n on input line 5.
LaTeX Font Info:    ... okay on input line 5.
LaTeX Font Info:    Checking defaults for OT1/cmr/m/n on input line 5.
LaTeX Font Info:    ... okay on input line 5.
LaTeX Font Info:    Checking defaults for T1/cmr/m/n on input line 5.
LaTeX Font Info:    ... okay on input line 5.
LaTeX Font Info:    Checking defaults for TS1/cmr/m/n on input line 5.
LaTeX Font Info:    ... okay on input line 5.
LaTeX Font Info:    Checking defaults for OMX/cmex/m/n on input line 5.
LaTeX Font Info:    ... okay on input line 5.
LaTeX Font Info:    Checking defaults for U/cmr/m/n on input line 5.
LaTeX Font Info:    ... okay on input line 5.
LaTeX Font Info:    External font `cmex10' loaded for size
(Font)              <10.95> on input line 31.
LaTeX Font Info:    External font `cmex10' loaded for size
(Font)              <8> on input line 31.
LaTeX Font Info:    External font `cmex10' loaded for size
(Font)              <6> on input line 31.
 [1

{C:/Users/alibe/AppData/Local/MiKTeX/fonts/map/pdftex/pdftex.map}]

LaTeX Warning: Reference `tab:summ_by_Type' on page 2 undefined on input line 7
9.

(../Tables/summ_by_type.tex) [2]

LaTeX Warning: Reference `tab:cmaked' on page 3 undefined on input line 88.

(../Tables/by_Dealer.tex
Overfull \hbox (23.65639pt too wide) in paragraph at lines 5--19
 [][] 
 []

) [3]

LaTeX Warning: Reference `tab:design_by_brand' on page 4 undefined on input lin
e 96.

(../Tables/Truck_by_Brand.tex) [4] (Trucks_Tables.aux)

LaTeX Warning: There were undefined references.

 ) 
Here is how much of TeX's memory you used:
 494 strings out of 478686
 10039 string characters out of 2845704
 654020 words of memory out of 3000000
 18655 multiletter control sequences out of 15000+600000
 407555 words of font info for 41 fonts, out of 8000000 for 9000
 1141 hyphenation exceptions out of 8191
 32i,9n,38p,287b,226s stack positions out of 5000i,500n,10000p,200000b,80000s
<C:/Users/alibe/AppData/Local/Programs/MiKTeX/n/fonts/type1/public/amsfonts/c
m/cmbx10.pfb><C:/Users/alibe/AppData/Local/Programs/MiKTeX/n/fonts/type1/public
/amsfonts/cm/cmbx12.pfb><C:/Users/alibe/AppData/Local/Programs/MiKTeX/n/fonts/t
ype1/public/amsfonts/cm/cmr10.pfb><C:/Users/alibe/AppData/Local/Programs/MiKTeX
/n/fonts/type1/public/amsfonts/cm/cmr8.pfb><C:/Users/alibe/AppData/Local/Progra
ms/MiKTeX/n/fonts/type1/public/amsfonts/cm/cmss10.pfb><C:/Users/alibe/AppData/L
ocal/Programs/MiKTeX/n/fonts/type1/public/amsfonts/cm/cmtt10.pfb>
Output written on Trucks_Tables.pdf (4 pages, 89540 bytes).
PDF statistics:
 45 PDF objects out of 1000 (max. 8388607)
 0 named destinations out of 1000 (max. 500000)
 1 words of extra memory for PDF output out of 10000 (max. 10000000)

