[1] "Summary of UsedTrucks.dat dataset:"
      type            pauc            pret          mileage      
 Min.   :0.000   Min.   :    0   Min.   :    0   Min.   : 19782  
 1st Qu.:0.000   1st Qu.:    0   1st Qu.:    0   1st Qu.: 59000  
 Median :1.000   Median : 9170   Median :    0   Median : 80410  
 Mean   :0.688   Mean   : 9448   Mean   : 6067   Mean   : 87722  
 3rd Qu.:1.000   3rd Qu.:14866   3rd Qu.:10762   3rd Qu.:108768  
 Max.   :1.000   Max.   :52687   Max.   :64806   Max.   :313899  
      make            year          damage           dealer    
 Min.   :1.000   Min.   :1999   Min.   : 1.000   Min.   :1.00  
 1st Qu.:3.000   1st Qu.:2011   1st Qu.: 3.000   1st Qu.:4.00  
 Median :5.000   Median :2013   Median : 4.000   Median :6.00  
 Mean   :4.668   Mean   :2013   Mean   : 4.474   Mean   :5.32  
 3rd Qu.:6.000   3rd Qu.:2015   3rd Qu.: 6.000   3rd Qu.:8.00  
 Max.   :9.000   Max.   :2018   Max.   :10.000   Max.   :9.00  
      ror              cost      
 Min.   :0.2858   Min.   :  933  
 1st Qu.:1.0412   1st Qu.: 9078  
 Median :1.1871   Median :11275  
 Mean   :1.1835   Mean   :12379  
 3rd Qu.:1.3340   3rd Qu.:16201  
 Max.   :2.1092   Max.   :36791  
[1] "Truck Dataset with Categorical Factors:"
      type            pauc            pret          mileage      
 Min.   :0.000   Min.   :    0   Min.   :    0   Min.   : 19782  
 1st Qu.:0.000   1st Qu.:    0   1st Qu.:    0   1st Qu.: 59000  
 Median :1.000   Median : 9170   Median :    0   Median : 80410  
 Mean   :0.688   Mean   : 9448   Mean   : 6067   Mean   : 87722  
 3rd Qu.:1.000   3rd Qu.:14866   3rd Qu.:10762   3rd Qu.:108768  
 Max.   :1.000   Max.   :52687   Max.   :64806   Max.   :313899  
      make            year          damage           dealer    
 Min.   :1.000   Min.   :1999   Min.   : 1.000   Min.   :1.00  
 1st Qu.:3.000   1st Qu.:2011   1st Qu.: 3.000   1st Qu.:4.00  
 Median :5.000   Median :2013   Median : 4.000   Median :6.00  
 Mean   :4.668   Mean   :2013   Mean   : 4.474   Mean   :5.32  
 3rd Qu.:6.000   3rd Qu.:2015   3rd Qu.: 6.000   3rd Qu.:8.00  
 Max.   :9.000   Max.   :2018   Max.   :10.000   Max.   :9.00  
      ror              cost      
 Min.   :0.2858   Min.   :  933  
 1st Qu.:1.0412   1st Qu.: 9078  
 Median :1.1871   Median :11275  
 Mean   :1.1835   Mean   :12379  
 3rd Qu.:1.3340   3rd Qu.:16201  
 Max.   :2.1092   Max.   :36791  
 [1] "type"    "pauc"    "pret"    "mileage" "make"    "year"    "damage" 
 [8] "dealer"  "ror"     "cost"   
[1] "Plotting kernel-smoothed pdf"
[1] "of fly reel ror"
null device 
          1 
[1] "Plotting kernel-smoothed pdf"
[1] "of the natural logarithm of ror"
null device 
          1 
[1] "Calculating Q-Q Plots of Dependent Variable."
null device 
          1 
null device 
          1 
[1] "Calculating Box-Cox Transformation"  "for Univariate Likelihood Function."
null device 
          1 
[1] 1396.696
[1] 58.78717
[1] 3.841459
[1] 0
[1] 1.754152e-14

Call:
lm(formula = ror ~ 1, data = Truck)

Residuals:
     Min       1Q   Median       3Q      Max 
-0.89764 -0.14226  0.00365  0.15050  0.92570 

Coefficients:
            Estimate Std. Error t value Pr(>|t|)    
(Intercept) 1.183479   0.002335   506.8   <2e-16 ***
---
Signif. codes:  0 '***' 0.001 '**' 0.01 '*' 0.05 '.' 0.1 ' ' 1

Residual standard error: 0.2319 on 9860 degrees of freedom

pdf 
  2 
pdf 
  2 
[1] 1.276672
pdf 
  2 
pdf 
  2 
