This is pdfTeX, Version 3.14159265-2.6-1.40.21 (MiKTeX 20.11) (preloaded format=pdflatex 2022.4.7)  7 APR 2022 16:33
entering extended mode
**./Truck.tex
(Truck.tex
LaTeX2e <2021-11-15> patch level 1
L3 programming layer <2021-11-22>
(C:\Users\alibe\AppData\Local\Programs\MiKTeX\n\tex/latex/paper\paper.cls
Document Class: paper 2008/05/30 1.0l LaTeX document class (wm).
\hours=\count183
\minutes=\count184
(C:\Users\alibe\AppData\Local\Programs\MiKTeX\n\tex/latex/base\size11.clo
File: size11.clo 2021/10/04 v1.4n Standard LaTeX file (size option)
)
\beforetitlespace=\skip47
\c@part=\count185
\c@section=\count186
\c@subsection=\count187
\c@subsubsection=\count188
\c@paragraph=\count189
\c@subparagraph=\count190
\exampleindent=\skip48
\c@figure=\count191
\c@table=\count192
\abovecaptionskip=\skip49
\belowcaptionskip=\skip50
\bibindent=\dimen138
)
(C:\Users\alibe\AppData\Local\Programs\MiKTeX\n\tex/latex/psnfss\palatino.sty
Package: palatino 2020/03/25 PSNFSS-v9.3 (SPQR) 
)
(C:\Users\alibe\AppData\Local\Programs\MiKTeX\n\tex/latex/amsfonts\amsfonts.sty
Package: amsfonts 2013/01/14 v3.01 Basic AMSFonts support
\@emptytoks=\toks16
\symAMSa=\mathgroup4
\symAMSb=\mathgroup5
LaTeX Font Info:    Redeclaring math symbol \hbar on input line 98.
LaTeX Font Info:    Overwriting math alphabet `\mathfrak' in version `bold'
(Font)                  U/euf/m/n --> U/euf/b/n on input line 106.
) (C:\Users\alibe\AppData\Local\Programs\MiKTeX\n\tex/latex/amsmath\amsmath.sty
Package: amsmath 2021/10/15 v2.17l AMS math features
\@mathmargin=\skip51
For additional information on amsmath, use the `?' option.
(C:\Users\alibe\AppData\Local\Programs\MiKTeX\n\tex/latex/amsmath\amstext.sty
Package: amstext 2021/08/26 v2.01 AMS text

(C:\Users\alibe\AppData\Local\Programs\MiKTeX\n\tex/latex/amsmath\amsgen.sty
File: amsgen.sty 1999/11/30 v2.0 generic functions
\@emptytoks=\toks17
\ex@=\dimen139
))
(C:\Users\alibe\AppData\Local\Programs\MiKTeX\n\tex/latex/amsmath\amsbsy.sty
Package: amsbsy 1999/11/29 v1.2d Bold Symbols
\pmbraise@=\dimen140
)
(C:\Users\alibe\AppData\Local\Programs\MiKTeX\n\tex/latex/amsmath\amsopn.sty
Package: amsopn 2021/08/26 v2.02 operator names
)
\inf@bad=\count193
LaTeX Info: Redefining \frac on input line 234.
\uproot@=\count194
\leftroot@=\count195
LaTeX Info: Redefining \overline on input line 399.
\classnum@=\count196
\DOTSCASE@=\count197
LaTeX Info: Redefining \ldots on input line 496.
LaTeX Info: Redefining \dots on input line 499.
LaTeX Info: Redefining \cdots on input line 620.
\Mathstrutbox@=\box50
\strutbox@=\box51
\big@size=\dimen141
LaTeX Font Info:    Redeclaring font encoding OML on input line 743.
LaTeX Font Info:    Redeclaring font encoding OMS on input line 744.
\macc@depth=\count198
\c@MaxMatrixCols=\count199
\dotsspace@=\muskip16
\c@parentequation=\count266
\dspbrk@lvl=\count267
\tag@help=\toks18
\row@=\count268
\column@=\count269
\maxfields@=\count270
\andhelp@=\toks19
\eqnshift@=\dimen142
\alignsep@=\dimen143
\tagshift@=\dimen144
\tagwidth@=\dimen145
\totwidth@=\dimen146
\lineht@=\dimen147
\@envbody=\toks20
\multlinegap=\skip52
\multlinetaggap=\skip53
\mathdisplay@stack=\toks21
LaTeX Info: Redefining \[ on input line 2938.
LaTeX Info: Redefining \] on input line 2939.
)
(C:\Users\alibe\AppData\Local\Programs\MiKTeX\n\tex/latex/amsfonts\amssymb.sty
Package: amssymb 2013/01/14 v3.01 AMS font symbols
)
(C:\Users\alibe\AppData\Local\Programs\MiKTeX\n\tex/latex/listings\listings.sty
(C:\Users\alibe\AppData\Local\Programs\MiKTeX\n\tex/latex/graphics\keyval.sty
Package: keyval 2014/10/28 v1.15 key=value parser (DPC)
\KV@toks@=\toks22
)
\lst@mode=\count271
\lst@gtempboxa=\box52
\lst@token=\toks23
\lst@length=\count272
\lst@currlwidth=\dimen148
\lst@column=\count273
\lst@pos=\count274
\lst@lostspace=\dimen149
\lst@width=\dimen150
\lst@newlines=\count275
\lst@lineno=\count276
\lst@maxwidth=\dimen151

(C:\Users\alibe\AppData\Local\Programs\MiKTeX\n\tex/latex/listings\lstmisc.sty
File: lstmisc.sty 2020/03/24 1.8d (Carsten Heinz)
\c@lstnumber=\count277
\lst@skipnumbers=\count278
\lst@framebox=\box53
)
(C:\Users\alibe\AppData\Local\Programs\MiKTeX\n\tex/latex/listings\listings.cfg
File: listings.cfg 2020/03/24 1.8d listings configuration
))
Package: listings 2020/03/24 1.8d (Carsten Heinz)
 (C:\Users\alibe\AppData\Local\Programs\MiKTeX\n\tex/latex/base\textcomp.sty
Package: textcomp 2020/02/02 v2.0n Standard LaTeX package
) (C:\Users\alibe\AppData\Local\Programs\MiKTeX\n\tex/latex/graphics\color.sty
Package: color 2021/10/11 v1.3b Standard LaTeX Color (DPC)

(C:\Users\alibe\AppData\Local\Programs\MiKTeX\n\tex/latex/graphics-cfg\color.cf
g
File: color.cfg 2016/01/02 v1.6 sample color configuration
)
Package color Info: Driver file: pdftex.def on input line 149.

(C:\Users\alibe\AppData\Local\Programs\MiKTeX\n\tex/latex/graphics-def\pdftex.d
ef
File: pdftex.def 2020/10/05 v1.2a Graphics/color driver for pdftex
))
(C:\Users\alibe\AppData\Local\Programs\MiKTeX\n\tex/latex/listings\lstlang1.sty
File: lstlang1.sty 2020/03/24 1.8d listings language file
)
(C:\Users\alibe\AppData\Local\Programs\MiKTeX\n\tex/latex/listings\lstlang2.sty
File: lstlang2.sty 2020/03/24 1.8d listings language file
)
(C:\Users\alibe\AppData\Local\Programs\MiKTeX\n\tex/latex/listings\lstlang3.sty
File: lstlang3.sty 2020/03/24 1.8d listings language file
)
(C:\Users\alibe\AppData\Local\Programs\MiKTeX\n\tex/latex/graphics\graphicx.sty
Package: graphicx 2021/09/16 v1.2d Enhanced LaTeX Graphics (DPC,SPQR)

(C:\Users\alibe\AppData\Local\Programs\MiKTeX\n\tex/latex/graphics\graphics.sty
Package: graphics 2021/03/04 v1.4d Standard LaTeX Graphics (DPC,SPQR)
(C:\Users\alibe\AppData\Local\Programs\MiKTeX\n\tex/latex/graphics\trig.sty
Package: trig 2021/08/11 v1.11 sin cos tan (DPC)
)
(C:\Users\alibe\AppData\Local\Programs\MiKTeX\n\tex/latex/graphics-cfg\graphics
.cfg
File: graphics.cfg 2016/06/04 v1.11 sample graphics configuration
)
Package graphics Info: Driver file: pdftex.def on input line 107.
)
\Gin@req@height=\dimen152
\Gin@req@width=\dimen153
)
(C:\Users\alibe\AppData\Local\Programs\MiKTeX\n\tex/latex/epstopdf-pkg\epstopdf
.sty
Package: epstopdf 2020-01-24 v2.11 Conversion with epstopdf on the fly (HO)

(C:\Users\alibe\AppData\Local\Programs\MiKTeX\n\tex/generic/infwarerr\infwarerr
.sty
Package: infwarerr 2019/12/03 v1.5 Providing info/warning/error messages (HO)
)
(C:\Users\alibe\AppData\Local\Programs\MiKTeX\n\tex/latex/grfext\grfext.sty
Package: grfext 2019/12/03 v1.3 Manage graphics extensions (HO)

(C:\Users\alibe\AppData\Local\Programs\MiKTeX\n\tex/generic/kvdefinekeys\kvdefi
nekeys.sty
Package: kvdefinekeys 2019-12-19 v1.6 Define keys (HO)
))
(C:\Users\alibe\AppData\Local\Programs\MiKTeX\n\tex/latex/kvoptions\kvoptions.s
ty
Package: kvoptions 2020-10-07 v3.14 Key value format for package options (HO)

(C:\Users\alibe\AppData\Local\Programs\MiKTeX\n\tex/generic/ltxcmds\ltxcmds.sty
Package: ltxcmds 2020-05-10 v1.25 LaTeX kernel commands for general use (HO)
)
(C:\Users\alibe\AppData\Local\Programs\MiKTeX\n\tex/generic/kvsetkeys\kvsetkeys
.sty
Package: kvsetkeys 2019/12/15 v1.18 Key value parser (HO)
))
(C:\Users\alibe\AppData\Local\Programs\MiKTeX\n\tex/generic/pdftexcmds\pdftexcm
ds.sty
Package: pdftexcmds 2020-06-27 v0.33 Utility functions of pdfTeX for LuaTeX (HO
)

(C:\Users\alibe\AppData\Local\Programs\MiKTeX\n\tex/generic/iftex\iftex.sty
Package: iftex 2020/03/06 v1.0d TeX engine tests
)
Package pdftexcmds Info: \pdf@primitive is available.
Package pdftexcmds Info: \pdf@ifprimitive is available.
Package pdftexcmds Info: \pdfdraftmode found.
)
(C:\Users\alibe\AppData\Local\Programs\MiKTeX\n\tex/latex/epstopdf-pkg\epstopdf
-base.sty
Package: epstopdf-base 2020-01-24 v2.11 Base part for package epstopdf
Package epstopdf-base Info: Redefining graphics rule for `.eps' on input line 4
85.
Package grfext Info: Graphics extension search list:
(grfext)             [.pdf,.png,.jpg,.mps,.jpeg,.jbig2,.jb2,.PDF,.PNG,.JPG,.JPE
G,.JBIG2,.JB2,.eps]
(grfext)             \AppendGraphicsExtensions on input line 504.

(C:\Users\alibe\AppData\Local\Programs\MiKTeX\n\tex/latex/00miktex\epstopdf-sys
.cfg
File: epstopdf-sys.cfg 2021/03/18 v2.0 Configuration of epstopdf for MiKTeX
)))
(C:\Users\alibe\AppData\Local\Programs\MiKTeX\n\tex/latex/subfig\subfig.sty
Package: subfig 2005/06/28 ver: 1.3 subfig package

(C:\Users\alibe\AppData\Local\Programs\MiKTeX\n\tex/latex/caption\caption.sty
Package: caption 2022/02/28 v3.6a Customizing captions (AR)

(C:\Users\alibe\AppData\Local\Programs\MiKTeX\n\tex/latex/caption\caption3.sty
Package: caption3 2022/02/28 v2.3a caption3 kernel (AR)
\caption@tempdima=\dimen154
\captionmargin=\dimen155
\caption@leftmargin=\dimen156
\caption@rightmargin=\dimen157
\caption@width=\dimen158
\caption@indent=\dimen159
\caption@parindent=\dimen160
\caption@hangindent=\dimen161
Package caption Info: thesis document class detected.

(C:\Users\alibe\AppData\Local\Programs\MiKTeX\n\tex/latex/caption\caption-thesi
s.sto
File: caption-thesis.sto 2020/08/22 v2.0 Adaption of the caption package to the
 thesis document class (AR)
))
\c@caption@flags=\count279
\c@continuedfloat=\count280
Package caption Info: listings package is loaded.
)
\c@KVtest=\count281
\sf@farskip=\skip54
\sf@captopadj=\dimen162
\sf@capskip=\skip55
\sf@nearskip=\skip56
\c@subfigure=\count282
\c@subfigure@save=\count283
\c@lofdepth=\count284
\c@subtable=\count285
\c@subtable@save=\count286
\c@lotdepth=\count287
\sf@top=\skip57
\sf@bottom=\skip58
)
LaTeX Font Info:    Trying to load font information for OT1+ppl on input line 4
8.

(C:\Users\alibe\AppData\Local\Programs\MiKTeX\n\tex/latex/psnfss\ot1ppl.fd
File: ot1ppl.fd 2001/06/04 font definitions for OT1/ppl.
)
(C:\Users\alibe\AppData\Local\Programs\MiKTeX\n\tex/latex/l3backend\l3backend-p
dftex.def
File: l3backend-pdftex.def 2021-10-18 L3 backend support: PDF output (pdfTeX)
\l__color_backend_stack_int=\count288
\l__pdf_internal_box=\box54
) (Truck.aux)
\openout1 = `Truck.aux'.

LaTeX Font Info:    Checking defaults for OML/cmm/m/it on input line 48.
LaTeX Font Info:    ... okay on input line 48.
LaTeX Font Info:    Checking defaults for OMS/cmsy/m/n on input line 48.
LaTeX Font Info:    ... okay on input line 48.
LaTeX Font Info:    Checking defaults for OT1/cmr/m/n on input line 48.
LaTeX Font Info:    ... okay on input line 48.
LaTeX Font Info:    Checking defaults for T1/cmr/m/n on input line 48.
LaTeX Font Info:    ... okay on input line 48.
LaTeX Font Info:    Checking defaults for TS1/cmr/m/n on input line 48.
LaTeX Font Info:    ... okay on input line 48.
LaTeX Font Info:    Checking defaults for OMX/cmex/m/n on input line 48.
LaTeX Font Info:    ... okay on input line 48.
LaTeX Font Info:    Checking defaults for U/cmr/m/n on input line 48.
LaTeX Font Info:    ... okay on input line 48.
\c@lstlisting=\count289

(C:\Users\alibe\AppData\Local\Programs\MiKTeX\n\tex/context/base/mkii\supp-pdf.
mkii
[Loading MPS to PDF converter (version 2006.09.02).]
\scratchcounter=\count290
\scratchdimen=\dimen163
\scratchbox=\box55
\nofMPsegments=\count291
\nofMParguments=\count292
\everyMPshowfont=\toks24
\MPscratchCnt=\count293
\MPscratchDim=\dimen164
\MPnumerator=\count294
\makeMPintoPDFobject=\count295
\everyMPtoPDFconversion=\toks25
)
Package caption Info: Begin \AtBeginDocument code.
Package caption Info: subfig package v1.3 is loaded.
Package caption Info: End \AtBeginDocument code.
LaTeX Font Info:    Trying to load font information for OT1+phv on input line 6
7.
 (C:\Users\alibe\AppData\Local\Programs\MiKTeX\n\tex/latex/psnfss\ot1phv.fd
File: ot1phv.fd 2020/03/25 scalable font definitions for OT1/phv.
)
LaTeX Font Info:    Trying to load font information for OT1+pcr on input line 6
9.

(C:\Users\alibe\AppData\Local\Programs\MiKTeX\n\tex/latex/psnfss\ot1pcr.fd
File: ot1pcr.fd 2001/06/04 font definitions for OT1/pcr.
)
LaTeX Font Info:    Trying to load font information for U+msa on input line 72.


(C:\Users\alibe\AppData\Local\Programs\MiKTeX\n\tex/latex/amsfonts\umsa.fd
File: umsa.fd 2013/01/14 v3.01 AMS symbols A
)
LaTeX Font Info:    Trying to load font information for U+msb on input line 72.


(C:\Users\alibe\AppData\Local\Programs\MiKTeX\n\tex/latex/amsfonts\umsb.fd
File: umsb.fd 2013/01/14 v3.01 AMS symbols B
)
[1

{C:/Users/alibe/AppData/Local/MiKTeX/fonts/map/pdftex/pdftex.map}]
(../Tables/reg_sq_damage.tex) [2

]

LaTeX Warning: Reference `tab:reg_sq_cost_fwl' on page 3 undefined on input lin
e 150.

(../Tables/reg_sq_damage_fwl.tex
Overfull \hbox (51.50974pt too wide) in paragraph at lines 4--35
 [] 
 []

) [3

] [4]
<../Figures/dev_vs_cost.pdf, id=26, 505.89pt x 505.89pt>
File: ../Figures/dev_vs_cost.pdf Graphic file (type pdf)
<use ../Figures/dev_vs_cost.pdf>
Package pdftex.def Info: ../Figures/dev_vs_cost.pdf  used on input line 185.
(pdftex.def)             Requested size: 252.94437pt x 252.94437pt.
 [5 <../Figures/dev_vs_cost.pdf>]

LaTeX Warning: Reference `fig:dev_vs_damage_dev' on page 6 undefined on input l
ine 192.

<../Figures/dev_vs_cost_dev.pdf, id=36, 505.89pt x 505.89pt>
File: ../Figures/dev_vs_cost_dev.pdf Graphic file (type pdf)
<use ../Figures/dev_vs_cost_dev.pdf>
Package pdftex.def Info: ../Figures/dev_vs_cost_dev.pdf  used on input line 202
.
(pdftex.def)             Requested size: 252.94437pt x 252.94437pt.
[6 <../Figures/dev_vs_cost_dev.pdf>]

LaTeX Warning: Reference `fig:dev_vs_damage_dev' on page 7 undefined on input l
ine 211.

<../Figures/dev_np_vs_damage_dev.pdf, id=46, 505.89pt x 505.89pt>
File: ../Figures/dev_np_vs_damage_dev.pdf Graphic file (type pdf)
<use ../Figures/dev_np_vs_damage_dev.pdf>
Package pdftex.def Info: ../Figures/dev_np_vs_damage_dev.pdf  used on input lin
e 219.
(pdftex.def)             Requested size: 252.94437pt x 252.94437pt.
[7

 <../Figures/dev_np_vs_damage_dev.pdf>]
Overfull \hbox (14.71544pt too wide) in paragraph at lines 239--246
\OT1/ppl/m/n/10.95 model. The smoother curve in or-ange even more closely rep-r
e-sents a quadratic
 []

<../Figures/dev_np_vs_damage_dev_bw.pdf, id=57, 505.89pt x 505.89pt>
File: ../Figures/dev_np_vs_damage_dev_bw.pdf Graphic file (type pdf)
<use ../Figures/dev_np_vs_damage_dev_bw.pdf>
Package pdftex.def Info: ../Figures/dev_np_vs_damage_dev_bw.pdf  used on input 
line 249.
(pdftex.def)             Requested size: 252.94437pt x 252.94437pt.
[8

 <../Figures/dev_np_vs_damage_dev_bw.pdf>]

LaTeX Warning: Reference `tab:reg_sq_cost' on page 9 undefined on input line 26
6.

(../Tables/reg_age_fwl.tex
Overfull \hbox (12.1347pt too wide) in paragraph at lines 4--33
 [] 
 []

) [9

]
<../Figures/dev_vs_age.pdf, id=70, 505.89pt x 505.89pt>
File: ../Figures/dev_vs_age.pdf Graphic file (type pdf)
<use ../Figures/dev_vs_age.pdf>
Package pdftex.def Info: ../Figures/dev_vs_age.pdf  used on input line 289.
(pdftex.def)             Requested size: 252.94437pt x 252.94437pt.
 [10 <../Figures/dev_vs_age.pdf>]
<../Figures/dev_vs_age_dev.pdf, id=80, 505.89pt x 505.89pt>
File: ../Figures/dev_vs_age_dev.pdf Graphic file (type pdf)
<use ../Figures/dev_vs_age_dev.pdf>
Package pdftex.def Info: ../Figures/dev_vs_age_dev.pdf  used on input line 307.

(pdftex.def)             Requested size: 252.94437pt x 252.94437pt.
 [11 <../Figures/dev_vs_age_dev.pdf>]
<../Figures/dev_np_vs_age_dev.pdf, id=90, 505.89pt x 505.89pt>
File: ../Figures/dev_np_vs_age_dev.pdf Graphic file (type pdf)
<use ../Figures/dev_np_vs_age_dev.pdf>
Package pdftex.def Info: ../Figures/dev_np_vs_age_dev.pdf  used on input line 3
27.
(pdftex.def)             Requested size: 252.94437pt x 252.94437pt.

[12

 <../Figures/dev_np_vs_age_dev.pdf>]

LaTeX Warning: Reference `tab:reg_sq_horse' on page 13 undefined on input line 
344.

(../Tables/reg_eng_fwl.tex) [13

]
<../Figures/dev_vs_eng.pdf, id=104, 505.89pt x 505.89pt>
File: ../Figures/dev_vs_eng.pdf Graphic file (type pdf)
<use ../Figures/dev_vs_eng.pdf>
Package pdftex.def Info: ../Figures/dev_vs_eng.pdf  used on input line 364.
(pdftex.def)             Requested size: 252.94437pt x 252.94437pt.
 [14 <../Figures/dev_vs_eng.pdf>]
<../Figures/dev_np_vs_eng_dev.pdf, id=114, 505.89pt x 505.89pt>
File: ../Figures/dev_np_vs_eng_dev.pdf Graphic file (type pdf)
<use ../Figures/dev_np_vs_eng_dev.pdf>
Package pdftex.def Info: ../Figures/dev_np_vs_eng_dev.pdf  used on input line 3
89.
(pdftex.def)             Requested size: 252.94437pt x 252.94437pt.
 [15 <../Figures/dev_np_vs_eng_dev.pdf>] (../Tables/reg_semipar.tex
Overfull \hbox (81.7933pt too wide) in paragraph at lines 4--37
 [] 
 []

) [16] [17] (../Tables/reg_GAM_lin.tex
Overfull \hbox (80.18947pt too wide) in paragraph at lines 25--25
[]\OT1/pcr/m/n/10.95 log_cost ~ damage + squared_damage + age + make + damage +
 dealer +[] 
 []


Overfull \hbox (14.48955pt too wide) in paragraph at lines 25--25
[]\OT1/pcr/m/n/10.95 (Intercept)     8.765e+00  8.135e-02 107.740  < 2e-16 ***[
] 
 []


Overfull \hbox (1.34956pt too wide) in paragraph at lines 25--25
[]\OT1/pcr/m/n/10.95 damage         -4.677e-02  2.543e-02  -1.839   0.0659 .[] 

 []


Overfull \hbox (1.34956pt too wide) in paragraph at lines 25--25
[]\OT1/pcr/m/n/10.95 squared_damage  4.595e-03  2.135e-03   2.152   0.0314 *[] 

 []


Overfull \hbox (14.48955pt too wide) in paragraph at lines 25--25
[]\OT1/pcr/m/n/10.95 age            -7.163e-02  1.114e-02  -6.430 1.34e-10 ***[
] 
 []


Overfull \hbox (14.48955pt too wide) in paragraph at lines 25--25
[]\OT1/pcr/m/n/10.95 mileage        -5.053e-06  1.062e-06  -4.756 2.01e-06 ***[
] 
 []


Overfull \hbox (1.34956pt too wide) in paragraph at lines 25--25
[]\OT1/pcr/m/n/10.95 type            4.438e-02  2.182e-02   2.034   0.0420 *[] 

 []

Missing character: There is no ‘ in font pcrr7t!
Missing character: There is no ’ in font pcrr7t!
Missing character: There is no ‘ in font pcrr7t!
Missing character: There is no ’ in font pcrr7t!
Missing character: There is no ‘ in font pcrr7t!
Missing character: There is no ’ in font pcrr7t!
Missing character: There is no ‘ in font pcrr7t!
Missing character: There is no ’ in font pcrr7t!
Missing character: There is no ‘ in font pcrr7t!
Missing character: There is no ’ in font pcrr7t!
) [18] (../Tables/reg_GAM_full.tex
Missing character: There is no ‘ in font pcrr7t!
Missing character: There is no ’ in font pcrr7t!
Missing character: There is no ‘ in font pcrr7t!
Missing character: There is no ’ in font pcrr7t!
Missing character: There is no ‘ in font pcrr7t!
Missing character: There is no ’ in font pcrr7t!
Missing character: There is no ‘ in font pcrr7t!
Missing character: There is no ’ in font pcrr7t!
Missing character: There is no ‘ in font pcrr7t!
Missing character: There is no ’ in font pcrr7t!
Missing character: There is no ‘ in font pcrr7t!
Missing character: There is no ’ in font pcrr7t!
Missing character: There is no ‘ in font pcrr7t!
Missing character: There is no ’ in font pcrr7t!
Missing character: There is no ‘ in font pcrr7t!
Missing character: There is no ’ in font pcrr7t!
Missing character: There is no ‘ in font pcrr7t!
Missing character: There is no ’ in font pcrr7t!
Missing character: There is no ‘ in font pcrr7t!
Missing character: There is no ’ in font pcrr7t!
)
Overfull \hbox (0.21323pt too wide) in paragraph at lines 451--463
[]\OT1/ppl/m/n/10.95 On the other hand, the ad-justed R-squared has not in-crea
sed very much,
 []


Overfull \hbox (1.02861pt too wide) in paragraph at lines 451--463
\OT1/ppl/m/n/10.95 from 0.799 to 0.819 un-der this spec-i-fi-ca-tion, which may
 not jus-tify the added
 []

[19] (../Tables/reg_GAM_hp.tex
Overfull \hbox (53.9095pt too wide) in paragraph at lines 30--30
[]\OT1/pcr/m/n/10.95 log_cost ~ s(damage) + age + make + damage + dealer + mile
age +[] 
 []

Missing character: There is no ‘ in font pcrr7t!
Missing character: There is no ’ in font pcrr7t!
Missing character: There is no ‘ in font pcrr7t!
Missing character: There is no ’ in font pcrr7t!
Missing character: There is no ‘ in font pcrr7t!
Missing character: There is no ’ in font pcrr7t!
Missing character: There is no ‘ in font pcrr7t!
Missing character: There is no ’ in font pcrr7t!
Missing character: There is no ‘ in font pcrr7t!
Missing character: There is no ’ in font pcrr7t!
Missing character: There is no ‘ in font pcrr7t!
Missing character: There is no ’ in font pcrr7t!
Missing character: There is no ‘ in font pcrr7t!
Missing character: There is no ’ in font pcrr7t!
Missing character: There is no ‘ in font pcrr7t!
Missing character: There is no ’ in font pcrr7t!
Missing character: There is no ‘ in font pcrr7t!
Missing character: There is no ’ in font pcrr7t!
Missing character: There is no ‘ in font pcrr7t!
Missing character: There is no ’ in font pcrr7t!
) [20] (Truck.aux)

LaTeX Warning: There were undefined references.

 ) 
Here is how much of TeX's memory you used:
 6399 strings out of 478686
 110172 string characters out of 2845705
 669900 words of memory out of 3000000
 24371 multiletter control sequences out of 15000+600000
 416857 words of font info for 62 fonts, out of 8000000 for 9000
 1141 hyphenation exceptions out of 8191
 69i,11n,79p,277b,413s stack positions out of 5000i,500n,10000p,200000b,80000s
{C:/Users/alibe/AppData/Local/Programs/MiKTeX/n/fonts/enc/dvips/base/8r.enc}<
C:/Users/alibe/AppData/Local/Programs/MiKTeX/n/fonts/type1/public/amsfonts/cm/c
mmi10.pfb><C:/Users/alibe/AppData/Local/Programs/MiKTeX/n/fonts/type1/public/am
sfonts/cm/cmmi8.pfb><C:/Users/alibe/AppData/Local/Programs/MiKTeX/n/fonts/type1
/public/amsfonts/cm/cmr10.pfb><C:/Users/alibe/AppData/Local/Programs/MiKTeX/n/f
onts/type1/public/amsfonts/cm/cmr8.pfb><C:/Users/alibe/AppData/Local/Programs/M
iKTeX/n/fonts/type1/public/amsfonts/cm/cmsy10.pfb><C:/Users/alibe/AppData/Local
/Programs/MiKTeX/n/fonts/type1/public/amsfonts/cm/cmsy6.pfb><C:/Users/alibe/App
Data/Local/Programs/MiKTeX/n/fonts/type1/public/amsfonts/cm/cmsy8.pfb><C:/Users
/alibe/AppData/Local/Programs/MiKTeX/n/fonts/type1/urw/courier/ucrr8a.pfb><C:/U
sers/alibe/AppData/Local/Programs/MiKTeX/n/fonts/type1/urw/helvetic/uhvb8a.pfb>
<C:/Users/alibe/AppData/Local/Programs/MiKTeX/n/fonts/type1/urw/helvetic/uhvr8a
.pfb><C:/Users/alibe/AppData/Local/Programs/MiKTeX/n/fonts/type1/urw/palatino/u
plb8a.pfb><C:/Users/alibe/AppData/Local/Programs/MiKTeX/n/fonts/type1/urw/palat
ino/uplr8a.pfb>
Output written on Truck.pdf (20 pages, 11224894 bytes).
PDF statistics:
 191 PDF objects out of 1000 (max. 8388607)
 0 named destinations out of 1000 (max. 500000)
 46 words of extra memory for PDF output out of 10000 (max. 10000000)

