[1] "Summary of UsedTrucks.dat dataset:"
      type             pauc            pret          mileage      
 Min.   :0.0000   Min.   :    0   Min.   :    0   Min.   : 13222  
 1st Qu.:0.0000   1st Qu.:    0   1st Qu.:    0   1st Qu.: 73254  
 Median :1.0000   Median :  116   Median :    0   Median :111171  
 Mean   :0.5041   Mean   : 1848   Mean   : 1915   Mean   :110739  
 3rd Qu.:1.0000   3rd Qu.: 1809   3rd Qu.: 1906   3rd Qu.:147815  
 Max.   :1.0000   Max.   :49686   Max.   :52400   Max.   :208655  
      make            year          damage           dealer     
 Min.   :1.000   Min.   :2005   Min.   : 1.000   Min.   :1.000  
 1st Qu.:2.000   1st Qu.:2008   1st Qu.: 4.000   1st Qu.:3.000  
 Median :4.000   Median :2012   Median : 6.000   Median :5.000  
 Mean   :4.011   Mean   :2012   Mean   : 5.697   Mean   :5.009  
 3rd Qu.:6.000   3rd Qu.:2016   3rd Qu.: 7.000   3rd Qu.:7.000  
 Max.   :7.000   Max.   :2019   Max.   :10.000   Max.   :9.000  
      ror              cost      
 Min.   :0.9000   Min.   :   35  
 1st Qu.:0.9498   1st Qu.:  833  
 Median :1.0002   Median : 1871  
 Mean   :1.0001   Mean   : 3755  
 3rd Qu.:1.0496   3rd Qu.: 4214  
 Max.   :1.1000   Max.   :46471  
[1] "Summarizing Numeric Variables"
[1] "Summary by type of Manufacture:"
[1] "ror"
         0        1       
Min. ror "1.0493" "1.0999"
Mean ror "1.0497" "1.1000"
Max. ror "1.0493" "1.0999"
% latex table generated in R 4.0.2 by xtable 1.8-4 package
% Thu Feb 10 17:14:41 2022
\begin{table}[ht]
\centering
\begin{tabular}{rll}
  \hline
 & 0 & 1 \\ 
  \hline
Min. ror & 1.0493 & 1.0999 \\ 
  Mean ror & 1.0497 & 1.1000 \\ 
  Max. ror & 1.0493 & 1.0999 \\ 
   \hline
\end{tabular}
\caption{Summary by type } 
\label{tab:summ_by_type}
\end{table}
[1] "Summarizing Categorical Variables"

   0    1 
4890 4971 

   1    2    3    4    5    6    7    8    9   10 
 119  547  856 1312 1737 1851 1401 1074  684  280 

   1    2    3    4    5    6    7 
1432 1354 1436 1380 1403 1427 1429 

   1    2    3    4    5    6    7    8    9 
1107 1114 1047 1049 1109 1156 1087 1101 1091 
   
      1   2   3   4   5   6   7   8   9  10
  0  83 345 524 735 921 878 618 431 254 101
  1  36 202 332 577 816 973 783 643 430 179
   
      1   2   3   4   5   6   7
  0 715 682 706 661 721 719 686
  1 717 672 730 719 682 708 743
   
      1   2   3   4   5   6   7   8   9
  0 552 554 529 531 556 564 543 501 560
  1 555 560 518 518 553 592 544 600 531
[1] "type of Sales"
         1   2   3   4   5   6   7   8   9  1  2   3   4   5   6   7   8   9 10
1 1432 156 171 136 158 168 158 159 155 171 19 86 106 203 253 254 209 158 105 39
2 1354 162 144 129 147 148 176 140 149 159 12 71 108 173 218 256 217 152 106 41
3 1436 144 165 150 156 160 182 155 171 153 11 74 131 205 253 273 178 171  99 41
4 1380 153 166 156 144 159 148 165 144 145 21 79 118 170 252 259 202 153  89 37
5 1403 163 147 161 153 166 168 145 160 140 21 76 131 181 247 257 200 159  91 40
6 1427 160 156 158 157 146 166 154 157 173 14 69 137 203 271 273 182 145  97 36
7 1429 169 165 157 134 162 158 169 165 150 21 92 125 177 243 279 213 136  97 46
    0   1
1 715 717
2 682 672
3 706 730
4 661 719
5 721 682
6 719 708
7 686 743
       total Ford Ford Chevrolet Dodge General Motors Toyota Nissan Subaru
1       1432  156  171       136   158            168    158    159    155
2       1354  162  144       129   147            148    176    140    149
3       1436  144  165       150   156            160    182    155    171
4       1380  153  166       156   144            159    148    165    144
5       1403  163  147       161   153            166    168    145    160
6       1427  160  156       158   157            146    166    154    157
7       1429  169  165       157   134            162    158    169    165
Totals  9861 1107 1114      1047  1049           1109   1156   1087   1101
       other dealer1 dealer2 dealer3 dealer4 dealer5 dealer6 dealer7 dealer8
1        171      19      86     106     203     253     254     209     158
2        159      12      71     108     173     218     256     217     152
3        153      11      74     131     205     253     273     178     171
4        145      21      79     118     170     252     259     202     153
5        140      21      76     131     181     247     257     200     159
6        173      14      69     137     203     271     273     182     145
7        150      21      92     125     177     243     279     213     136
Totals  1091     119     547     856    1312    1737    1851    1401    1074
       dealer9 damage Auction Retail
1          105     39     715    717
2          106     41     682    672
3           99     41     706    730
4           89     37     661    719
5           91     40     721    682
6           97     36     719    708
7           97     46     686    743
Totals     684    280    4890   4971
% latex table generated in R 4.0.2 by xtable 1.8-4 package
% Thu Feb 10 17:14:41 2022
\begin{table}[ht]
\centering
\begin{tabular}{rrrrr}
  \hline
 & Ford & Ford & Chevrolet & total \\ 
  \hline
1 & 156 & 171 & 136 & 1432 \\ 
  2 & 162 & 144 & 129 & 1354 \\ 
  3 & 144 & 165 & 150 & 1436 \\ 
  4 & 153 & 166 & 156 & 1380 \\ 
  5 & 163 & 147 & 161 & 1403 \\ 
  6 & 160 & 156 & 158 & 1427 \\ 
  7 & 169 & 165 & 157 & 1429 \\ 
  Totals & 1107 & 1114 & 1047 & 9861 \\ 
   \hline
\end{tabular}
\caption{Brand of Used Trucks} 
\label{tab:Truck_brand}
\end{table}
[1] "Brand of Trucks"
% latex table generated in R 4.0.2 by xtable 1.8-4 package
% Thu Feb 10 17:14:41 2022
\begin{table}[ht]
\centering
\begin{tabular}{rrrrrrrrrrr}
  \hline
 & other & dealer1 & dealer2 & dealer3 & dealer4 & dealer5 & dealer6 & dealer7 & dealer8 & dealer9 \\ 
  \hline
1 & 171 & 19 & 86 & 106 & 203 & 253 & 254 & 209 & 158 & 105 \\ 
  2 & 159 & 12 & 71 & 108 & 173 & 218 & 256 & 217 & 152 & 106 \\ 
  3 & 153 & 11 & 74 & 131 & 205 & 253 & 273 & 178 & 171 & 99 \\ 
  4 & 145 & 21 & 79 & 118 & 170 & 252 & 259 & 202 & 153 & 89 \\ 
  5 & 140 & 21 & 76 & 131 & 181 & 247 & 257 & 200 & 159 & 91 \\ 
  6 & 173 & 14 & 69 & 137 & 203 & 271 & 273 & 182 & 145 & 97 \\ 
  7 & 150 & 21 & 92 & 125 & 177 & 243 & 279 & 213 & 136 & 97 \\ 
  Totals & 1091 & 119 & 547 & 856 & 1312 & 1737 & 1851 & 1401 & 1074 & 684 \\ 
   \hline
\end{tabular}
\caption{by Dealer} 
\label{tab:By_dealer}
\end{table}
